[32m2025-06-16 14:37:52 +0800[0m - dagster - [34mDEBUG[0m - __ASSET_JOB - 10cfffcf-9b98-4ec3-8143-da1a04e0a37f - 44091 - LOGS_CAPTURED - Started capturing logs in process (pid: 44091).
[32m2025-06-16 14:37:52 +0800[0m - dagster - [34mDEBUG[0m - __ASSET_JOB - 10cfffcf-9b98-4ec3-8143-da1a04e0a37f - 44091 - load_kaggle_data - STEP_START - Started execution of step "load_kaggle_data".
[32m2025-06-16 14:37:52 +0800[0m - dagster - [34mDEBUG[0m - __ASSET_JOB - 10cfffcf-9b98-4ec3-8143-da1a04e0a37f - load_kaggle_data - Loading file from: /Users/taysk/sctp/Project/SCTP-DSF1-Team5/03 - Code/pipeline-olist/pipeline_olist/data/processed_kaggle_data using PickledObjectFilesystemIOManager...
[32m2025-06-16 14:37:52 +0800[0m - dagster - [34mDEBUG[0m - __ASSET_JOB - 10cfffcf-9b98-4ec3-8143-da1a04e0a37f - 44091 - load_kaggle_data - LOADED_INPUT - Loaded input "processed_kaggle_data" using input manager "io_manager"
[32m2025-06-16 14:37:52 +0800[0m - dagster - [34mDEBUG[0m - __ASSET_JOB - 10cfffcf-9b98-4ec3-8143-da1a04e0a37f - 44091 - load_kaggle_data - STEP_INPUT - Got input "processed_kaggle_data" of type "[Path]". (Type check passed).
[32m2025-06-16 14:37:52 +0800[0m - dagster - [34mINFO[0m - __ASSET_JOB - 10cfffcf-9b98-4ec3-8143-da1a04e0a37f - load_kaggle_data - Starting Meltano data load (tap-csv to target-bigquery)...
[32m2025-06-16 14:38:54 +0800[0m - dagster - [34mERROR[0m - [31m__ASSET_JOB - 10cfffcf-9b98-4ec3-8143-da1a04e0a37f - load_kaggle_data - Meltano command failed with exit code 1.[0m
[32m2025-06-16 14:38:54 +0800[0m - dagster - [34mERROR[0m - [31m__ASSET_JOB - 10cfffcf-9b98-4ec3-8143-da1a04e0a37f - load_kaggle_data - Meltano stdout:
[0m
[32m2025-06-16 14:38:54 +0800[0m - dagster - [34mERROR[0m - [31m__ASSET_JOB - 10cfffcf-9b98-4ec3-8143-da1a04e0a37f - load_kaggle_data - Meltano stderr:
[2m2025-06-16T06:37:57.981303Z[0m [[32m[1minfo     [0m] [1mEnvironment 'dev' is active   [0m
[2m2025-06-16T06:37:58.364636Z[0m [[32m[1minfo     [0m] [1mInstalling extractor 'tap-csv'[0m
[2m2025-06-16T06:37:58.426577Z[0m [[32m[1minfo     [0m] [1mInstalling loader 'target-bigquery'[0m
[2m2025-06-16T06:38:28.509354Z[0m [[32m[1minfo     [0m] [1mInstalled extractor 'tap-csv' [0m
[2m2025-06-16T06:38:47.191078Z[0m [[32m[1minfo     [0m] [1mInstalled loader 'target-bigquery'[0m
[2m2025-06-16T06:38:47.194556Z[0m [[32m[1minfo     [0m] [1mInstalled 2/2 plugins         [0m
[2m2025-06-16T06:38:53.146211Z[0m [[31m[1merror    [0m] [1mCannot start plugin tap-csv: Catalog discovery failed: command ['/Users/taysk/sctp/Project/SCTP-DSF1-Team5/03 - Code/load-olist/.meltano/extractors/tap-csv/venv/bin/tap-csv', '--config', '/Users/taysk/sctp/Project/SCTP-DSF1-Team5/03 - Code/load-olist/.meltano/run/tap-csv/tap.8910611f-edd8-4766-a9be-1c47c36118f7.config.json', '--discover'] returned 1 with stderr:
 Traceback (most recent call last):
  File "/Users/taysk/sctp/Project/SCTP-DSF1-Team5/03 - Code/load-olist/.meltano/extractors/tap-csv/venv/bin/tap-csv", line 10, in <module>
    sys.exit(TapCSV.cli())
  File "/Users/taysk/sctp/Project/SCTP-DSF1-Team5/03 - Code/load-olist/.meltano/extractors/tap-csv/venv/lib/python3.10/site-packages/click/core.py", line 1442, in __call__
    return self.main(*args, **kwargs)
  File "/Users/taysk/sctp/Project/SCTP-DSF1-Team5/03 - Code/load-olist/.meltano/extractors/tap-csv/venv/lib/python3.10/site-packages/click/core.py", line 1362, in main
    with self.make_context(prog_name, args, **extra) as ctx:
  File "/Users/taysk/sctp/Project/SCTP-DSF1-Team5/03 - Code/load-olist/.meltano/extractors/tap-csv/venv/lib/python3.10/site-packages/click/core.py", line 1186, in make_context
    self.parse_args(ctx, args)
  File "/Users/taysk/sctp/Project/SCTP-DSF1-Team5/03 - Code/load-olist/.meltano/extractors/tap-csv/venv/lib/python3.10/site-packages/click/core.py", line 1197, in parse_args
    value, args = param.handle_parse_result(ctx, opts, args)
  File "/Users/taysk/sctp/Project/SCTP-DSF1-Team5/03 - Code/load-olist/.meltano/extractors/tap-csv/venv/lib/python3.10/site-packages/click/core.py", line 2416, in handle_parse_result
    value = self.process_value(ctx, value)
  File "/Users/taysk/sctp/Project/SCTP-DSF1-Team5/03 - Code/load-olist/.meltano/extractors/tap-csv/venv/lib/python3.10/site-packages/click/core.py", line 2355, in process_value
    value = self.callback(ctx, self, value)
  File "/Users/taysk/sctp/Project/SCTP-DSF1-Team5/03 - Code/load-olist/.meltano/extractors/tap-csv/venv/lib/python3.10/site-packages/singer_sdk/tap_base.py", line 555, in cb_discover
    tap.run_discovery()
  File "/Users/taysk/sctp/Project/SCTP-DSF1-Team5/03 - Code/load-olist/.meltano/extractors/tap-csv/venv/lib/python3.10/site-packages/singer_sdk/tap_base.py", line 309, in run_discovery
    catalog_text = self.catalog_json_text
  File "/Users/taysk/sctp/Project/SCTP-DSF1-Team5/03 - Code/load-olist/.meltano/extractors/tap-csv/venv/lib/python3.10/site-packages/singer_sdk/tap_base.py", line 329, in catalog_json_text
    return dump_json(self.catalog_dict, indent=2)
  File "/Users/taysk/sctp/Project/SCTP-DSF1-Team5/03 - Code/load-olist/.meltano/extractors/tap-csv/venv/lib/python3.10/site-packages/singer_sdk/tap_base.py", line 320, in catalog_dict
    return t.cast("dict", self._singer_catalog.to_dict())
  File "/Users/taysk/sctp/Project/SCTP-DSF1-Team5/03 - Code/load-olist/.meltano/extractors/tap-csv/venv/lib/python3.10/site-packages/singer_sdk/tap_base.py", line 340, in _singer_catalog
    for stream in self.streams.values()
  File "/Users/taysk/sctp/Project/SCTP-DSF1-Team5/03 - Code/load-olist/.meltano/extractors/tap-csv/venv/lib/python3.10/site-packages/singer_sdk/tap_base.py", line 149, in streams
    for stream in self.load_streams():
  File "/Users/taysk/sctp/Project/SCTP-DSF1-Team5/03 - Code/load-olist/.meltano/extractors/tap-csv/venv/lib/python3.10/site-packages/singer_sdk/tap_base.py", line 373, in load_streams
    for stream in self.discover_streams():
  File "/Users/taysk/sctp/Project/SCTP-DSF1-Team5/03 - Code/load-olist/.meltano/extractors/tap-csv/venv/lib/python3.10/site-packages/tap_csv/tap.py", line 89, in discover_streams
    return [
  File "/Users/taysk/sctp/Project/SCTP-DSF1-Team5/03 - Code/load-olist/.meltano/extractors/tap-csv/venv/lib/python3.10/site-packages/tap_csv/tap.py", line 90, in <listcomp>
    CSVStream(
  File "/Users/taysk/sctp/Project/SCTP-DSF1-Team5/03 - Code/load-olist/.meltano/extractors/tap-csv/venv/lib/python3.10/site-packages/tap_csv/client.py", line 32, in __init__
    super().__init__(*args, **kwargs)
  File "/Users/taysk/sctp/Project/SCTP-DSF1-Team5/03 - Code/load-olist/.meltano/extractors/tap-csv/venv/lib/python3.10/site-packages/singer_sdk/streams/core.py", line 182, in __init__
    if not self.schema:
  File "/opt/anaconda3/envs/elt/lib/python3.10/functools.py", line 981, in __get__
    val = self.func(instance)
  File "/Users/taysk/sctp/Project/SCTP-DSF1-Team5/03 - Code/load-olist/.meltano/extractors/tap-csv/venv/lib/python3.10/site-packages/tap_csv/client.py", line 137, in schema
    for file_path in self.get_file_paths():
  File "/Users/taysk/sctp/Project/SCTP-DSF1-Team5/03 - Code/load-olist/.meltano/extractors/tap-csv/venv/lib/python3.10/site-packages/tap_csv/client.py", line 82, in get_file_paths
    raise Exception(f"File path does not exist {file_path}")
Exception: File path does not exist ../data/olist_customers_dataset_cleansed.csv
[0m
[2m2025-06-16T06:38:53.147041Z[0m [[31m[1merror    [0m] [1mBlock run completed.          [0m [36mblock_type[0m=[35mExtractLoadBlocks[0m [36merr[0m=[35mRunnerError('Cannot start plugin tap-csv: Catalog discovery failed: command [\'/Users/taysk/sctp/Project/SCTP-DSF1-Team5/03 - Code/load-olist/.meltano/extractors/tap-csv/venv/bin/tap-csv\', \'--config\', \'/Users/taysk/sctp/Project/SCTP-DSF1-Team5/03 - Code/load-olist/.meltano/run/tap-csv/tap.8910611f-edd8-4766-a9be-1c47c36118f7.config.json\', \'--discover\'] returned 1 with stderr:\n Traceback (most recent call last):\n  File "/Users/taysk/sctp/Project/SCTP-DSF1-Team5/03 - Code/load-olist/.meltano/extractors/tap-csv/venv/bin/tap-csv", line 10, in <module>\n    sys.exit(TapCSV.cli())\n  File "/Users/taysk/sctp/Project/SCTP-DSF1-Team5/03 - Code/load-olist/.meltano/extractors/tap-csv/venv/lib/python3.10/site-packages/click/core.py", line 1442, in __call__\n    return self.main(*args, **kwargs)\n  File "/Users/taysk/sctp/Project/SCTP-DSF1-Team5/03 - Code/load-olist/.meltano/extractors/tap-csv/venv/lib/python3.10/site-packages/click/core.py", line 1362, in main\n    with self.make_context(prog_name, args, **extra) as ctx:\n  File "/Users/taysk/sctp/Project/SCTP-DSF1-Team5/03 - Code/load-olist/.meltano/extractors/tap-csv/venv/lib/python3.10/site-packages/click/core.py", line 1186, in make_context\n    self.parse_args(ctx, args)\n  File "/Users/taysk/sctp/Project/SCTP-DSF1-Team5/03 - Code/load-olist/.meltano/extractors/tap-csv/venv/lib/python3.10/site-packages/click/core.py", line 1197, in parse_args\n    value, args = param.handle_parse_result(ctx, opts, args)\n  File "/Users/taysk/sctp/Project/SCTP-DSF1-Team5/03 - Code/load-olist/.meltano/extractors/tap-csv/venv/lib/python3.10/site-packages/click/core.py", line 2416, in handle_parse_result\n    value = self.process_value(ctx, value)\n  File "/Users/taysk/sctp/Project/SCTP-DSF1-Team5/03 - Code/load-olist/.meltano/extractors/tap-csv/venv/lib/python3.10/site-packages/click/core.py", line 2355, in process_value\n    value = self.callback(ctx, self, value)\n  File "/Users/taysk/sctp/Project/SCTP-DSF1-Team5/03 - Code/load-olist/.meltano/extractors/tap-csv/venv/lib/python3.10/site-packages/singer_sdk/tap_base.py", line 555, in cb_discover\n    tap.run_discovery()\n  File "/Users/taysk/sctp/Project/SCTP-DSF1-Team5/03 - Code/load-olist/.meltano/extractors/tap-csv/venv/lib/python3.10/site-packages/singer_sdk/tap_base.py", line 309, in run_discovery\n    catalog_text = self.catalog_json_text\n  File "/Users/taysk/sctp/Project/SCTP-DSF1-Team5/03 - Code/load-olist/.meltano/extractors/tap-csv/venv/lib/python3.10/site-packages/singer_sdk/tap_base.py", line 329, in catalog_json_text\n    return dump_json(self.catalog_dict, indent=2)\n  File "/Users/taysk/sctp/Project/SCTP-DSF1-Team5/03 - Code/load-olist/.meltano/extractors/tap-csv/venv/lib/python3.10/site-packages/singer_sdk/tap_base.py", line 320, in catalog_dict\n    return t.cast("dict", self._singer_catalog.to_dict())\n  File "/Users/taysk/sctp/Project/SCTP-DSF1-Team5/03 - Code/load-olist/.meltano/extractors/tap-csv/venv/lib/python3.10/site-packages/singer_sdk/tap_base.py", line 340, in _singer_catalog\n    for stream in self.streams.values()\n  File "/Users/taysk/sctp/Project/SCTP-DSF1-Team5/03 - Code/load-olist/.meltano/extractors/tap-csv/venv/lib/python3.10/site-packages/singer_sdk/tap_base.py", line 149, in streams\n    for stream in self.load_streams():\n  File "/Users/taysk/sctp/Project/SCTP-DSF1-Team5/03 - Code/load-olist/.meltano/extractors/tap-csv/venv/lib/python3.10/site-packages/singer_sdk/tap_base.py", line 373, in load_streams\n    for stream in self.discover_streams():\n  File "/Users/taysk/sctp/Project/SCTP-DSF1-Team5/03 - Code/load-olist/.meltano/extractors/tap-csv/venv/lib/python3.10/site-packages/tap_csv/tap.py", line 89, in discover_streams\n    return [\n  File "/Users/taysk/sctp/Project/SCTP-DSF1-Team5/03 - Code/load-olist/.meltano/extractors/tap-csv/venv/lib/python3.10/site-packages/tap_csv/tap.py", line 90, in <listcomp>\n    CSVStream(\n  File "/Users/taysk/sctp/Project/SCTP-DSF1-Team5/03 - Code/load-olist/.meltano/extractors/tap-csv/venv/lib/python3.10/site-packages/tap_csv/client.py", line 32, in __init__\n    super().__init__(*args, **kwargs)\n  File "/Users/taysk/sctp/Project/SCTP-DSF1-Team5/03 - Code/load-olist/.meltano/extractors/tap-csv/venv/lib/python3.10/site-packages/singer_sdk/streams/core.py", line 182, in __init__\n    if not self.schema:\n  File "/opt/anaconda3/envs/elt/lib/python3.10/functools.py", line 981, in __get__\n    val = self.func(instance)\n  File "/Users/taysk/sctp/Project/SCTP-DSF1-Team5/03 - Code/load-olist/.meltano/extractors/tap-csv/venv/lib/python3.10/site-packages/tap_csv/client.py", line 137, in schema\n    for file_path in self.get_file_paths():\n  File "/Users/taysk/sctp/Project/SCTP-DSF1-Team5/03 - Code/load-olist/.meltano/extractors/tap-csv/venv/lib/python3.10/site-packages/tap_csv/client.py", line 82, in get_file_paths\n    raise Exception(f"File path does not exist {file_path}")\nException: File path does not exist ../data/olist_customers_dataset_cleansed.csv\n')[0m [36mexit_codes[0m=[35m{}[0m [36mset_number[0m=[35m0[0m [36msuccess[0m=[35mFalse[0m
Need help fixing this problem? Visit http://melta.no/ for troubleshooting steps, or to
join our friendly Slack community.

Run invocation could not be completed as block failed: Cannot start plugin tap-csv: Catalog discovery failed: command ['/Users/taysk/sctp/Project/SCTP-DSF1-Team5/03 - Code/load-olist/.meltano/extractors/tap-csv/venv/bin/tap-csv', '--config', '/Users/taysk/sctp/Project/SCTP-DSF1-Team5/03 - Code/load-olist/.meltano/run/tap-csv/tap.8910611f-edd8-4766-a9be-1c47c36118f7.config.json', '--discover'] returned 1 with stderr:
 Traceback (most recent call last):
  File "/Users/taysk/sctp/Project/SCTP-DSF1-Team5/03 - Code/load-olist/.meltano/extractors/tap-csv/venv/bin/tap-csv", line 10, in <module>
    sys.exit(TapCSV.cli())
  File "/Users/taysk/sctp/Project/SCTP-DSF1-Team5/03 - Code/load-olist/.meltano/extractors/tap-csv/venv/lib/python3.10/site-packages/click/core.py", line 1442, in __call__
    return self.main(*args, **kwargs)
  File "/Users/taysk/sctp/Project/SCTP-DSF1-Team5/03 - Code/load-olist/.meltano/extractors/tap-csv/venv/lib/python3.10/site-packages/click/core.py", line 1362, in main
    with self.make_context(prog_name, args, **extra) as ctx:
  File "/Users/taysk/sctp/Project/SCTP-DSF1-Team5/03 - Code/load-olist/.meltano/extractors/tap-csv/venv/lib/python3.10/site-packages/click/core.py", line 1186, in make_context
    self.parse_args(ctx, args)
  File "/Users/taysk/sctp/Project/SCTP-DSF1-Team5/03 - Code/load-olist/.meltano/extractors/tap-csv/venv/lib/python3.10/site-packages/click/core.py", line 1197, in parse_args
    value, args = param.handle_parse_result(ctx, opts, args)
  File "/Users/taysk/sctp/Project/SCTP-DSF1-Team5/03 - Code/load-olist/.meltano/extractors/tap-csv/venv/lib/python3.10/site-packages/click/core.py", line 2416, in handle_parse_result
    value = self.process_value(ctx, value)
  File "/Users/taysk/sctp/Project/SCTP-DSF1-Team5/03 - Code/load-olist/.meltano/extractors/tap-csv/venv/lib/python3.10/site-packages/click/core.py", line 2355, in process_value
    value = self.callback(ctx, self, value)
  File "/Users/taysk/sctp/Project/SCTP-DSF1-Team5/03 - Code/load-olist/.meltano/extractors/tap-csv/venv/lib/python3.10/site-packages/singer_sdk/tap_base.py", line 555, in cb_discover
    tap.run_discovery()
  File "/Users/taysk/sctp/Project/SCTP-DSF1-Team5/03 - Code/load-olist/.meltano/extractors/tap-csv/venv/lib/python3.10/site-packages/singer_sdk/tap_base.py", line 309, in run_discovery
    catalog_text = self.catalog_json_text
  File "/Users/taysk/sctp/Project/SCTP-DSF1-Team5/03 - Code/load-olist/.meltano/extractors/tap-csv/venv/lib/python3.10/site-packages/singer_sdk/tap_base.py", line 329, in catalog_json_text
    return dump_json(self.catalog_dict, indent=2)
  File "/Users/taysk/sctp/Project/SCTP-DSF1-Team5/03 - Code/load-olist/.meltano/extractors/tap-csv/venv/lib/python3.10/site-packages/singer_sdk/tap_base.py", line 320, in catalog_dict
    return t.cast("dict", self._singer_catalog.to_dict())
  File "/Users/taysk/sctp/Project/SCTP-DSF1-Team5/03 - Code/load-olist/.meltano/extractors/tap-csv/venv/lib/python3.10/site-packages/singer_sdk/tap_base.py", line 340, in _singer_catalog
    for stream in self.streams.values()
  File "/Users/taysk/sctp/Project/SCTP-DSF1-Team5/03 - Code/load-olist/.meltano/extractors/tap-csv/venv/lib/python3.10/site-packages/singer_sdk/tap_base.py", line 149, in streams
    for stream in self.load_streams():
  File "/Users/taysk/sctp/Project/SCTP-DSF1-Team5/03 - Code/load-olist/.meltano/extractors/tap-csv/venv/lib/python3.10/site-packages/singer_sdk/tap_base.py", line 373, in load_streams
    for stream in self.discover_streams():
  File "/Users/taysk/sctp/Project/SCTP-DSF1-Team5/03 - Code/load-olist/.meltano/extractors/tap-csv/venv/lib/python3.10/site-packages/tap_csv/tap.py", line 89, in discover_streams
    return [
  File "/Users/taysk/sctp/Project/SCTP-DSF1-Team5/03 - Code/load-olist/.meltano/extractors/tap-csv/venv/lib/python3.10/site-packages/tap_csv/tap.py", line 90, in <listcomp>
    CSVStream(
  File "/Users/taysk/sctp/Project/SCTP-DSF1-Team5/03 - Code/load-olist/.meltano/extractors/tap-csv/venv/lib/python3.10/site-packages/tap_csv/client.py", line 32, in __init__
    super().__init__(*args, **kwargs)
  File "/Users/taysk/sctp/Project/SCTP-DSF1-Team5/03 - Code/load-olist/.meltano/extractors/tap-csv/venv/lib/python3.10/site-packages/singer_sdk/streams/core.py", line 182, in __init__
    if not self.schema:
  File "/opt/anaconda3/envs/elt/lib/python3.10/functools.py", line 981, in __get__
    val = self.func(instance)
  File "/Users/taysk/sctp/Project/SCTP-DSF1-Team5/03 - Code/load-olist/.meltano/extractors/tap-csv/venv/lib/python3.10/site-packages/tap_csv/client.py", line 137, in schema
    for file_path in self.get_file_paths():
  File "/Users/taysk/sctp/Project/SCTP-DSF1-Team5/03 - Code/load-olist/.meltano/extractors/tap-csv/venv/lib/python3.10/site-packages/tap_csv/client.py", line 82, in get_file_paths
    raise Exception(f"File path does not exist {file_path}")
Exception: File path does not exist ../data/olist_customers_dataset_cleansed.csv

[0m
[32m2025-06-16 14:38:54 +0800[0m - dagster - [34mERROR[0m - [31m__ASSET_JOB - 10cfffcf-9b98-4ec3-8143-da1a04e0a37f - 44091 - load_kaggle_data - STEP_FAILURE - Execution of step "load_kaggle_data" failed.

dagster._core.errors.DagsterExecutionStepExecutionError: Error occurred while executing op "load_kaggle_data"::

subprocess.CalledProcessError: Command '['meltano', 'run', 'tap-csv', 'target-bigquery']' returned non-zero exit status 1.

Stack Trace:
  File "/opt/anaconda3/envs/elt/lib/python3.10/site-packages/dagster/_core/execution/plan/utils.py", line 56, in op_execution_error_boundary
    yield
  File "/opt/anaconda3/envs/elt/lib/python3.10/site-packages/dagster/_utils/__init__.py", line 392, in iterate_with_context
    next_output = next(iterator)
  File "/opt/anaconda3/envs/elt/lib/python3.10/site-packages/dagster/_core/execution/plan/compute_generator.py", line 129, in _coerce_op_compute_fn_to_iterator
    result = invoke_compute_fn(
  File "/opt/anaconda3/envs/elt/lib/python3.10/site-packages/dagster/_core/execution/plan/compute_generator.py", line 117, in invoke_compute_fn
    return fn(context, **args_to_pass) if context_arg_provided else fn(**args_to_pass)
  File "/Users/taysk/sctp/Project/SCTP-DSF1-Team5/03 - Code/pipeline-olist/pipeline_olist/assets.py", line 161, in load_kaggle_data
    result = subprocess.run(
  File "/opt/anaconda3/envs/elt/lib/python3.10/subprocess.py", line 526, in run
    raise CalledProcessError(retcode, process.args,
[0m
