[32m2025-06-07 17:36:31 +0800[0m - dagster - [34mDEBUG[0m - __ASSET_JOB - b8921af0-6fd3-42e2-a155-451ca2ccd70a - 238170 - LOGS_CAPTURED - Started capturing logs in process (pid: 238170).
[32m2025-06-07 17:36:31 +0800[0m - dagster - [34mDEBUG[0m - __ASSET_JOB - b8921af0-6fd3-42e2-a155-451ca2ccd70a - 238170 - processed_kaggle_data - STEP_START - Started execution of step "processed_kaggle_data".
[32m2025-06-07 17:36:31 +0800[0m - dagster - [34mDEBUG[0m - __ASSET_JOB - b8921af0-6fd3-42e2-a155-451ca2ccd70a - processed_kaggle_data - Loading file from: /home/ongkokle/SCTP/SCTP-DSF1-Team5/03 - Code/pipeline-olist/.tmp_dagster_home_r8o840qe/storage/kaggle_dataset using PickledObjectFilesystemIOManager...
[32m2025-06-07 17:36:31 +0800[0m - dagster - [34mDEBUG[0m - __ASSET_JOB - b8921af0-6fd3-42e2-a155-451ca2ccd70a - 238170 - processed_kaggle_data - LOADED_INPUT - Loaded input "kaggle_dataset" using input manager "io_manager", from output "result" of step "kaggle_dataset"
[32m2025-06-07 17:36:31 +0800[0m - dagster - [34mDEBUG[0m - __ASSET_JOB - b8921af0-6fd3-42e2-a155-451ca2ccd70a - 238170 - processed_kaggle_data - STEP_INPUT - Got input "kaggle_dataset" of type "Path". (Type check passed).
[32m2025-06-07 17:36:31 +0800[0m - dagster - [34mINFO[0m - __ASSET_JOB - b8921af0-6fd3-42e2-a155-451ca2ccd70a - processed_kaggle_data - Found 9 CSV file(s) for cleansing in ../data.
[32m2025-06-07 17:36:31 +0800[0m - dagster - [34mINFO[0m - __ASSET_JOB - b8921af0-6fd3-42e2-a155-451ca2ccd70a - processed_kaggle_data - Starting cleansing for: ../data/olist_customers_dataset.csv
[32m2025-06-07 17:36:31 +0800[0m - dagster - [34mINFO[0m - __ASSET_JOB - b8921af0-6fd3-42e2-a155-451ca2ccd70a - processed_kaggle_data - Successfully cleaned and saved: ../data/olist_customers_dataset_cleansed.csv
[32m2025-06-07 17:36:31 +0800[0m - dagster - [34mINFO[0m - __ASSET_JOB - b8921af0-6fd3-42e2-a155-451ca2ccd70a - processed_kaggle_data - Starting cleansing for: ../data/olist_order_payments_dataset.csv
[32m2025-06-07 17:36:32 +0800[0m - dagster - [34mINFO[0m - __ASSET_JOB - b8921af0-6fd3-42e2-a155-451ca2ccd70a - processed_kaggle_data - Successfully cleaned and saved: ../data/olist_order_payments_dataset_cleansed.csv
[32m2025-06-07 17:36:32 +0800[0m - dagster - [34mINFO[0m - __ASSET_JOB - b8921af0-6fd3-42e2-a155-451ca2ccd70a - processed_kaggle_data - Starting cleansing for: ../data/olist_geolocation_dataset.csv
[32m2025-06-07 17:36:34 +0800[0m - dagster - [34mINFO[0m - __ASSET_JOB - b8921af0-6fd3-42e2-a155-451ca2ccd70a - processed_kaggle_data - Successfully cleaned and saved: ../data/olist_geolocation_dataset_cleansed.csv
[32m2025-06-07 17:36:34 +0800[0m - dagster - [34mINFO[0m - __ASSET_JOB - b8921af0-6fd3-42e2-a155-451ca2ccd70a - processed_kaggle_data - Starting cleansing for: ../data/olist_order_items_dataset.csv
[32m2025-06-07 17:36:34 +0800[0m - dagster - [34mINFO[0m - __ASSET_JOB - b8921af0-6fd3-42e2-a155-451ca2ccd70a - processed_kaggle_data - Successfully cleaned and saved: ../data/olist_order_items_dataset_cleansed.csv
[32m2025-06-07 17:36:34 +0800[0m - dagster - [34mINFO[0m - __ASSET_JOB - b8921af0-6fd3-42e2-a155-451ca2ccd70a - processed_kaggle_data - Starting cleansing for: ../data/olist_order_reviews_dataset.csv
[32m2025-06-07 17:36:35 +0800[0m - dagster - [34mINFO[0m - __ASSET_JOB - b8921af0-6fd3-42e2-a155-451ca2ccd70a - processed_kaggle_data - Successfully cleaned and saved: ../data/olist_order_reviews_dataset_cleansed.csv
[32m2025-06-07 17:36:35 +0800[0m - dagster - [34mINFO[0m - __ASSET_JOB - b8921af0-6fd3-42e2-a155-451ca2ccd70a - processed_kaggle_data - Starting cleansing for: ../data/product_category_name_translation.csv
[32m2025-06-07 17:36:35 +0800[0m - dagster - [34mINFO[0m - __ASSET_JOB - b8921af0-6fd3-42e2-a155-451ca2ccd70a - processed_kaggle_data - Successfully cleaned and saved: ../data/product_category_name_translation_cleansed.csv
[32m2025-06-07 17:36:35 +0800[0m - dagster - [34mINFO[0m - __ASSET_JOB - b8921af0-6fd3-42e2-a155-451ca2ccd70a - processed_kaggle_data - Starting cleansing for: ../data/olist_orders_dataset.csv
[32m2025-06-07 17:36:35 +0800[0m - dagster - [34mINFO[0m - __ASSET_JOB - b8921af0-6fd3-42e2-a155-451ca2ccd70a - processed_kaggle_data - Successfully cleaned and saved: ../data/olist_orders_dataset_cleansed.csv
[32m2025-06-07 17:36:35 +0800[0m - dagster - [34mINFO[0m - __ASSET_JOB - b8921af0-6fd3-42e2-a155-451ca2ccd70a - processed_kaggle_data - Starting cleansing for: ../data/olist_products_dataset.csv
[32m2025-06-07 17:36:35 +0800[0m - dagster - [34mINFO[0m - __ASSET_JOB - b8921af0-6fd3-42e2-a155-451ca2ccd70a - processed_kaggle_data - Successfully cleaned and saved: ../data/olist_products_dataset_cleansed.csv
[32m2025-06-07 17:36:35 +0800[0m - dagster - [34mINFO[0m - __ASSET_JOB - b8921af0-6fd3-42e2-a155-451ca2ccd70a - processed_kaggle_data - Starting cleansing for: ../data/olist_sellers_dataset.csv
[32m2025-06-07 17:36:35 +0800[0m - dagster - [34mINFO[0m - __ASSET_JOB - b8921af0-6fd3-42e2-a155-451ca2ccd70a - processed_kaggle_data - Successfully cleaned and saved: ../data/olist_sellers_dataset_cleansed.csv
[32m2025-06-07 17:36:35 +0800[0m - dagster - [34mINFO[0m - __ASSET_JOB - b8921af0-6fd3-42e2-a155-451ca2ccd70a - processed_kaggle_data - Finished cleansing. Total 9 file(s) cleansed.
[32m2025-06-07 17:36:35 +0800[0m - dagster - [34mDEBUG[0m - __ASSET_JOB - b8921af0-6fd3-42e2-a155-451ca2ccd70a - 238170 - processed_kaggle_data - STEP_OUTPUT - Yielded output "result" of type "[Path]". (Type check passed).
[32m2025-06-07 17:36:35 +0800[0m - dagster - [34mDEBUG[0m - __ASSET_JOB - b8921af0-6fd3-42e2-a155-451ca2ccd70a - processed_kaggle_data - Writing file at: /home/ongkokle/SCTP/SCTP-DSF1-Team5/03 - Code/pipeline-olist/.tmp_dagster_home_r8o840qe/storage/processed_kaggle_data using PickledObjectFilesystemIOManager...
[32m2025-06-07 17:36:35 +0800[0m - dagster - [34mDEBUG[0m - __ASSET_JOB - b8921af0-6fd3-42e2-a155-451ca2ccd70a - 238170 - processed_kaggle_data - ASSET_MATERIALIZATION - Materialized value processed_kaggle_data.
[32m2025-06-07 17:36:35 +0800[0m - dagster - [34mDEBUG[0m - __ASSET_JOB - b8921af0-6fd3-42e2-a155-451ca2ccd70a - 238170 - processed_kaggle_data - HANDLED_OUTPUT - Handled output "result" using IO manager "io_manager"
[32m2025-06-07 17:36:35 +0800[0m - dagster - [34mDEBUG[0m - __ASSET_JOB - b8921af0-6fd3-42e2-a155-451ca2ccd70a - 238170 - processed_kaggle_data - STEP_SUCCESS - Finished execution of step "processed_kaggle_data" in 4.37s.
