[32m2025-06-17 17:23:22 +0800[0m - dagster - [34mDEBUG[0m - __ASSET_JOB - 7ae6c446-dd0e-4686-bbc9-cbf7b3a996b7 - 56359 - LOGS_CAPTURED - Started capturing logs in process (pid: 56359).
[32m2025-06-17 17:23:22 +0800[0m - dagster - [34mDEBUG[0m - __ASSET_JOB - 7ae6c446-dd0e-4686-bbc9-cbf7b3a996b7 - 56359 - test_transform_data - STEP_START - Started execution of step "test_transform_data".
[32m2025-06-17 17:23:22 +0800[0m - dagster - [34mDEBUG[0m - __ASSET_JOB - 7ae6c446-dd0e-4686-bbc9-cbf7b3a996b7 - test_transform_data - Loading file from: /Users/taysk/sctp/Project/SCTP-DSF1-Team5/03 - Code/pipeline-olist/.tmp_dagster_home_etlu7wq6/storage/transform_kaggle_data using PickledObjectFilesystemIOManager...
[32m2025-06-17 17:23:22 +0800[0m - dagster - [34mDEBUG[0m - __ASSET_JOB - 7ae6c446-dd0e-4686-bbc9-cbf7b3a996b7 - 56359 - test_transform_data - LOADED_INPUT - Loaded input "transform_kaggle_data" using input manager "io_manager"
[32m2025-06-17 17:23:22 +0800[0m - dagster - [34mDEBUG[0m - __ASSET_JOB - 7ae6c446-dd0e-4686-bbc9-cbf7b3a996b7 - 56359 - test_transform_data - STEP_INPUT - Got input "transform_kaggle_data" of type "Any". (Type check passed).
[32m2025-06-17 17:23:22 +0800[0m - dagster - [34mINFO[0m - __ASSET_JOB - 7ae6c446-dd0e-4686-bbc9-cbf7b3a996b7 - test_transform_data - Starting dbt tests (dbt test)...
[32m2025-06-17 17:23:47 +0800[0m - dagster - [34mINFO[0m - __ASSET_JOB - 7ae6c446-dd0e-4686-bbc9-cbf7b3a996b7 - test_transform_data - dbt test command executed successfully.
[32m2025-06-17 17:23:47 +0800[0m - dagster - [34mINFO[0m - __ASSET_JOB - 7ae6c446-dd0e-4686-bbc9-cbf7b3a996b7 - test_transform_data - dbt test stdout:
[0m09:23:25  Running with dbt=1.9.2
[0m09:23:28  Registered adapter: bigquery=1.9.1
[0m09:23:29  Found 11 models, 27 data tests, 15 sources, 715 macros
[0m09:23:29  
[0m09:23:29  Concurrency: 4 threads (target='dev')
[0m09:23:29  
[0m09:23:30  1 of 27 START test dbt_expectations_expect_compound_columns_to_be_unique_dim_sellers_seller_id__order_id  [RUN]
[0m09:23:30  2 of 27 START test dbt_expectations_expect_compound_columns_to_be_unique_fact_order_items_order_id__order_item_id__customer_id__seller_id  [RUN]
[0m09:23:30  3 of 27 START test dbt_expectations_expect_compound_columns_to_be_unique_fact_order_items_stg_order_id__order_item_id  [RUN]
[0m09:23:30  4 of 27 START test dbt_expectations_expect_compound_columns_to_be_unique_fact_order_payments_order_id__payment_sequential  [RUN]
[0m09:23:33  4 of 27 PASS dbt_expectations_expect_compound_columns_to_be_unique_fact_order_payments_order_id__payment_sequential  [[32mPASS[0m in 2.80s]
[0m09:23:33  3 of 27 PASS dbt_expectations_expect_compound_columns_to_be_unique_fact_order_items_stg_order_id__order_item_id  [[32mPASS[0m in 2.80s]
[0m09:23:33  2 of 27 PASS dbt_expectations_expect_compound_columns_to_be_unique_fact_order_items_order_id__order_item_id__customer_id__seller_id  [[32mPASS[0m in 2.80s]
[0m09:23:33  1 of 27 PASS dbt_expectations_expect_compound_columns_to_be_unique_dim_sellers_seller_id__order_id  [[32mPASS[0m in 2.81s]
[0m09:23:33  5 of 27 START test not_null_dim_orders_order_id ................................ [RUN]
[0m09:23:33  6 of 27 START test not_null_dim_orders_stg_order_id ............................ [RUN]
[0m09:23:33  7 of 27 START test not_null_dim_product_category_name_translation_stg_product_category_name  [RUN]
[0m09:23:33  8 of 27 START test not_null_dim_product_category_name_translation_stg_product_category_name_english  [RUN]
[0m09:23:35  8 of 27 PASS not_null_dim_product_category_name_translation_stg_product_category_name_english  [[32mPASS[0m in 2.03s]
[0m09:23:35  7 of 27 PASS not_null_dim_product_category_name_translation_stg_product_category_name  [[32mPASS[0m in 2.04s]
[0m09:23:35  5 of 27 PASS not_null_dim_orders_order_id ...................................... [[32mPASS[0m in 2.05s]
[0m09:23:35  9 of 27 START test not_null_dim_products_product_id ............................ [RUN]
[0m09:23:35  10 of 27 START test not_null_dim_products_stg_product_id ....................... [RUN]
[0m09:23:35  11 of 27 START test not_null_dim_sellers_order_id .............................. [RUN]
[0m09:23:35  6 of 27 PASS not_null_dim_orders_stg_order_id .................................. [[32mPASS[0m in 2.18s]
[0m09:23:35  12 of 27 START test not_null_dim_sellers_seller_id ............................. [RUN]
[0m09:23:37  12 of 27 PASS not_null_dim_sellers_seller_id ................................... [[32mPASS[0m in 1.90s]
[0m09:23:37  11 of 27 PASS not_null_dim_sellers_order_id .................................... [[32mPASS[0m in 2.16s]
[0m09:23:37  13 of 27 START test not_null_dim_sellers_stg_seller_id ......................... [RUN]
[0m09:23:37  14 of 27 START test not_null_fact_order_items_order_id ......................... [RUN]
[0m09:23:37  10 of 27 PASS not_null_dim_products_stg_product_id ............................. [[32mPASS[0m in 2.19s]
[0m09:23:37  15 of 27 START test not_null_fact_order_items_order_item_id .................... [RUN]
[0m09:23:38  9 of 27 PASS not_null_dim_products_product_id .................................. [[32mPASS[0m in 2.68s]
[0m09:23:38  16 of 27 START test not_null_fact_order_items_stg_order_id ..................... [RUN]
[0m09:23:39  13 of 27 PASS not_null_dim_sellers_stg_seller_id ............................... [[32mPASS[0m in 1.86s]
[0m09:23:39  17 of 27 START test not_null_fact_order_items_stg_order_item_id ................ [RUN]
[0m09:23:39  14 of 27 PASS not_null_fact_order_items_order_id ............................... [[32mPASS[0m in 1.99s]
[0m09:23:39  15 of 27 PASS not_null_fact_order_items_order_item_id .......................... [[32mPASS[0m in 1.95s]
[0m09:23:39  18 of 27 START test not_null_fact_order_payments_order_id ...................... [RUN]
[0m09:23:39  19 of 27 START test not_null_fact_order_payments_payment_sequential ............ [RUN]
[0m09:23:40  16 of 27 PASS not_null_fact_order_items_stg_order_id ........................... [[32mPASS[0m in 2.21s]
[0m09:23:40  20 of 27 START test not_null_fact_order_payments_stg_order_id .................. [RUN]
[0m09:23:41  17 of 27 PASS not_null_fact_order_items_stg_order_item_id ...................... [[32mPASS[0m in 2.19s]
[0m09:23:41  18 of 27 PASS not_null_fact_order_payments_order_id ............................ [[32mPASS[0m in 2.05s]
[0m09:23:41  19 of 27 PASS not_null_fact_order_payments_payment_sequential .................. [[32mPASS[0m in 2.05s]
[0m09:23:41  21 of 27 START test not_null_fact_order_payments_stg_payment_sequential ........ [RUN]
[0m09:23:41  22 of 27 START test relationships_fact_order_items_seller_id__seller_id__ref_dim_sellers_  [RUN]
[0m09:23:41  23 of 27 START test unique_dim_orders_order_id ................................. [RUN]
[0m09:23:42  20 of 27 PASS not_null_fact_order_payments_stg_order_id ........................ [[32mPASS[0m in 1.66s]
[0m09:23:42  24 of 27 START test unique_dim_orders_stg_order_id ............................. [RUN]
[0m09:23:43  21 of 27 PASS not_null_fact_order_payments_stg_payment_sequential .............. [[32mPASS[0m in 1.92s]
[0m09:23:43  25 of 27 START test unique_dim_products_product_id ............................. [RUN]
[0m09:23:43  23 of 27 PASS unique_dim_orders_order_id ....................................... [[32mPASS[0m in 2.02s]
[0m09:23:43  26 of 27 START test unique_dim_products_stg_product_id ......................... [RUN]
[0m09:23:43  24 of 27 PASS unique_dim_orders_stg_order_id ................................... [[32mPASS[0m in 1.94s]
[0m09:23:43  27 of 27 START test unique_dim_sellers_stg_seller_id ........................... [RUN]
[0m09:23:44  22 of 27 PASS relationships_fact_order_items_seller_id__seller_id__ref_dim_sellers_  [[32mPASS[0m in 2.85s]
[0m09:23:45  25 of 27 PASS unique_dim_products_product_id ................................... [[32mPASS[0m in 1.97s]
[0m09:23:45  26 of 27 PASS unique_dim_products_stg_product_id ............................... [[32mPASS[0m in 1.89s]
[0m09:23:45  27 of 27 PASS unique_dim_sellers_stg_seller_id ................................. [[32mPASS[0m in 1.96s]
[0m09:23:46  
[0m09:23:46  Finished running 27 data tests in 0 hours 0 minutes and 16.06 seconds (16.06s).
[0m09:23:46  
[0m09:23:46  [32mCompleted successfully[0m
[0m09:23:46  
[0m09:23:46  Done. PASS=27 WARN=0 ERROR=0 SKIP=0 TOTAL=27

[32m2025-06-17 17:23:47 +0800[0m - dagster - [34mWARNING[0m - __ASSET_JOB - 7ae6c446-dd0e-4686-bbc9-cbf7b3a996b7 - test_transform_data - dbt test stderr (if any):
/opt/anaconda3/envs/elt/lib/python3.10/site-packages/dbt/adapters/bigquery/connections.py:570: FutureWarning: job_retry must be explicitly set to None if job_id is set.
BigQuery cannot retry a failed job by using the exact
same ID. Setting job_id without explicitly disabling
job_retry will raise an error in the future. To avoid this
warning, either use job_id_prefix instead (preferred) or
set job_retry=None.
  query_job = client.query(
/opt/anaconda3/envs/elt/lib/python3.10/site-packages/dbt/adapters/bigquery/connections.py:570: FutureWarning: job_retry must be explicitly set to None if job_id is set.
BigQuery cannot retry a failed job by using the exact
same ID. Setting job_id without explicitly disabling
job_retry will raise an error in the future. To avoid this
warning, either use job_id_prefix instead (preferred) or
set job_retry=None.
  query_job = client.query(
/opt/anaconda3/envs/elt/lib/python3.10/site-packages/dbt/adapters/bigquery/connections.py:570: FutureWarning: job_retry must be explicitly set to None if job_id is set.
BigQuery cannot retry a failed job by using the exact
same ID. Setting job_id without explicitly disabling
job_retry will raise an error in the future. To avoid this
warning, either use job_id_prefix instead (preferred) or
set job_retry=None.
  query_job = client.query(
/opt/anaconda3/envs/elt/lib/python3.10/site-packages/dbt/adapters/bigquery/connections.py:570: FutureWarning: job_retry must be explicitly set to None if job_id is set.
BigQuery cannot retry a failed job by using the exact
same ID. Setting job_id without explicitly disabling
job_retry will raise an error in the future. To avoid this
warning, either use job_id_prefix instead (preferred) or
set job_retry=None.
  query_job = client.query(
/opt/anaconda3/envs/elt/lib/python3.10/site-packages/dbt/adapters/bigquery/connections.py:570: FutureWarning: job_retry must be explicitly set to None if job_id is set.
BigQuery cannot retry a failed job by using the exact
same ID. Setting job_id without explicitly disabling
job_retry will raise an error in the future. To avoid this
warning, either use job_id_prefix instead (preferred) or
set job_retry=None.
  query_job = client.query(
/opt/anaconda3/envs/elt/lib/python3.10/site-packages/dbt/adapters/bigquery/connections.py:570: FutureWarning: job_retry must be explicitly set to None if job_id is set.
BigQuery cannot retry a failed job by using the exact
same ID. Setting job_id without explicitly disabling
job_retry will raise an error in the future. To avoid this
warning, either use job_id_prefix instead (preferred) or
set job_retry=None.
  query_job = client.query(
/opt/anaconda3/envs/elt/lib/python3.10/site-packages/dbt/adapters/bigquery/connections.py:570: FutureWarning: job_retry must be explicitly set to None if job_id is set.
BigQuery cannot retry a failed job by using the exact
same ID. Setting job_id without explicitly disabling
job_retry will raise an error in the future. To avoid this
warning, either use job_id_prefix instead (preferred) or
set job_retry=None.
  query_job = client.query(
/opt/anaconda3/envs/elt/lib/python3.10/site-packages/dbt/adapters/bigquery/connections.py:570: FutureWarning: job_retry must be explicitly set to None if job_id is set.
BigQuery cannot retry a failed job by using the exact
same ID. Setting job_id without explicitly disabling
job_retry will raise an error in the future. To avoid this
warning, either use job_id_prefix instead (preferred) or
set job_retry=None.
  query_job = client.query(
/opt/anaconda3/envs/elt/lib/python3.10/site-packages/dbt/adapters/bigquery/connections.py:570: FutureWarning: job_retry must be explicitly set to None if job_id is set.
BigQuery cannot retry a failed job by using the exact
same ID. Setting job_id without explicitly disabling
job_retry will raise an error in the future. To avoid this
warning, either use job_id_prefix instead (preferred) or
set job_retry=None.
  query_job = client.query(

[32m2025-06-17 17:23:47 +0800[0m - dagster - [34mINFO[0m - __ASSET_JOB - 7ae6c446-dd0e-4686-bbc9-cbf7b3a996b7 - test_transform_data - dbt tests completed.
[32m2025-06-17 17:23:47 +0800[0m - dagster - [34mDEBUG[0m - __ASSET_JOB - 7ae6c446-dd0e-4686-bbc9-cbf7b3a996b7 - 56359 - test_transform_data - STEP_OUTPUT - Yielded output "result" of type "Any". (Type check passed).
[32m2025-06-17 17:23:47 +0800[0m - dagster - [34mDEBUG[0m - __ASSET_JOB - 7ae6c446-dd0e-4686-bbc9-cbf7b3a996b7 - test_transform_data - Writing file at: /Users/taysk/sctp/Project/SCTP-DSF1-Team5/03 - Code/pipeline-olist/.tmp_dagster_home_etlu7wq6/storage/test_transform_data using PickledObjectFilesystemIOManager...
[32m2025-06-17 17:23:48 +0800[0m - dagster - [34mDEBUG[0m - __ASSET_JOB - 7ae6c446-dd0e-4686-bbc9-cbf7b3a996b7 - 56359 - test_transform_data - ASSET_MATERIALIZATION - Materialized value test_transform_data.
[32m2025-06-17 17:23:48 +0800[0m - dagster - [34mDEBUG[0m - __ASSET_JOB - 7ae6c446-dd0e-4686-bbc9-cbf7b3a996b7 - 56359 - test_transform_data - HANDLED_OUTPUT - Handled output "result" using IO manager "io_manager"
[32m2025-06-17 17:23:48 +0800[0m - dagster - [34mDEBUG[0m - __ASSET_JOB - 7ae6c446-dd0e-4686-bbc9-cbf7b3a996b7 - 56359 - test_transform_data - STEP_SUCCESS - Finished execution of step "test_transform_data" in 25.81s.
