[32m2025-06-17 16:50:56 +0800[0m - dagster - [34mDEBUG[0m - __ASSET_JOB - a40b7cbc-159c-43e3-b8f8-63a615f8826d - 55084 - LOGS_CAPTURED - Started capturing logs in process (pid: 55084).
[32m2025-06-17 16:50:56 +0800[0m - dagster - [34mDEBUG[0m - __ASSET_JOB - a40b7cbc-159c-43e3-b8f8-63a615f8826d - 55084 - processed_kaggle_data - STEP_START - Started execution of step "processed_kaggle_data".
[32m2025-06-17 16:50:56 +0800[0m - dagster - [34mDEBUG[0m - __ASSET_JOB - a40b7cbc-159c-43e3-b8f8-63a615f8826d - processed_kaggle_data - Loading file from: /Users/taysk/sctp/Project/SCTP-DSF1-Team5/03 - Code/pipeline-olist/.tmp_dagster_home____xempt/storage/kaggle_dataset using PickledObjectFilesystemIOManager...
[32m2025-06-17 16:50:56 +0800[0m - dagster - [34mDEBUG[0m - __ASSET_JOB - a40b7cbc-159c-43e3-b8f8-63a615f8826d - 55084 - processed_kaggle_data - LOADED_INPUT - Loaded input "kaggle_dataset" using input manager "io_manager"
[32m2025-06-17 16:50:56 +0800[0m - dagster - [34mDEBUG[0m - __ASSET_JOB - a40b7cbc-159c-43e3-b8f8-63a615f8826d - 55084 - processed_kaggle_data - STEP_INPUT - Got input "kaggle_dataset" of type "Path". (Type check passed).
[32m2025-06-17 16:50:56 +0800[0m - dagster - [34mINFO[0m - __ASSET_JOB - a40b7cbc-159c-43e3-b8f8-63a615f8826d - processed_kaggle_data - Processing Kaggle dataset at: ../data
[32m2025-06-17 16:50:56 +0800[0m - dagster - [34mINFO[0m - __ASSET_JOB - a40b7cbc-159c-43e3-b8f8-63a615f8826d - processed_kaggle_data - Found 9 CSV file(s) for cleansing in ../data.
[32m2025-06-17 16:50:56 +0800[0m - dagster - [34mINFO[0m - __ASSET_JOB - a40b7cbc-159c-43e3-b8f8-63a615f8826d - processed_kaggle_data - Starting cleansing for: ../data/olist_sellers_dataset.csv
[32m2025-06-17 16:50:56 +0800[0m - dagster - [34mINFO[0m - __ASSET_JOB - a40b7cbc-159c-43e3-b8f8-63a615f8826d - processed_kaggle_data - Successfully cleaned and saved: ../data/olist_sellers_dataset_cleansed.csv
[32m2025-06-17 16:50:56 +0800[0m - dagster - [34mINFO[0m - __ASSET_JOB - a40b7cbc-159c-43e3-b8f8-63a615f8826d - processed_kaggle_data - Starting cleansing for: ../data/product_category_name_translation.csv
[32m2025-06-17 16:50:56 +0800[0m - dagster - [34mINFO[0m - __ASSET_JOB - a40b7cbc-159c-43e3-b8f8-63a615f8826d - processed_kaggle_data - Successfully cleaned and saved: ../data/product_category_name_translation_cleansed.csv
[32m2025-06-17 16:50:56 +0800[0m - dagster - [34mINFO[0m - __ASSET_JOB - a40b7cbc-159c-43e3-b8f8-63a615f8826d - processed_kaggle_data - Starting cleansing for: ../data/olist_orders_dataset.csv
[32m2025-06-17 16:50:58 +0800[0m - dagster - [34mINFO[0m - __ASSET_JOB - a40b7cbc-159c-43e3-b8f8-63a615f8826d - processed_kaggle_data - Successfully cleaned and saved: ../data/olist_orders_dataset_cleansed.csv
[32m2025-06-17 16:50:58 +0800[0m - dagster - [34mINFO[0m - __ASSET_JOB - a40b7cbc-159c-43e3-b8f8-63a615f8826d - processed_kaggle_data - Starting cleansing for: ../data/olist_order_items_dataset.csv
[32m2025-06-17 16:50:59 +0800[0m - dagster - [34mINFO[0m - __ASSET_JOB - a40b7cbc-159c-43e3-b8f8-63a615f8826d - processed_kaggle_data - Successfully cleaned and saved: ../data/olist_order_items_dataset_cleansed.csv
[32m2025-06-17 16:50:59 +0800[0m - dagster - [34mINFO[0m - __ASSET_JOB - a40b7cbc-159c-43e3-b8f8-63a615f8826d - processed_kaggle_data - Starting cleansing for: ../data/olist_customers_dataset.csv
[32m2025-06-17 16:51:00 +0800[0m - dagster - [34mINFO[0m - __ASSET_JOB - a40b7cbc-159c-43e3-b8f8-63a615f8826d - processed_kaggle_data - Successfully cleaned and saved: ../data/olist_customers_dataset_cleansed.csv
[32m2025-06-17 16:51:00 +0800[0m - dagster - [34mINFO[0m - __ASSET_JOB - a40b7cbc-159c-43e3-b8f8-63a615f8826d - processed_kaggle_data - Starting cleansing for: ../data/olist_geolocation_dataset.csv
[32m2025-06-17 16:51:06 +0800[0m - dagster - [34mINFO[0m - __ASSET_JOB - a40b7cbc-159c-43e3-b8f8-63a615f8826d - processed_kaggle_data - Successfully cleaned and saved: ../data/olist_geolocation_dataset_cleansed.csv
[32m2025-06-17 16:51:06 +0800[0m - dagster - [34mINFO[0m - __ASSET_JOB - a40b7cbc-159c-43e3-b8f8-63a615f8826d - processed_kaggle_data - Starting cleansing for: ../data/olist_order_payments_dataset.csv
[32m2025-06-17 16:51:07 +0800[0m - dagster - [34mINFO[0m - __ASSET_JOB - a40b7cbc-159c-43e3-b8f8-63a615f8826d - processed_kaggle_data - Successfully cleaned and saved: ../data/olist_order_payments_dataset_cleansed.csv
[32m2025-06-17 16:51:07 +0800[0m - dagster - [34mINFO[0m - __ASSET_JOB - a40b7cbc-159c-43e3-b8f8-63a615f8826d - processed_kaggle_data - Starting cleansing for: ../data/olist_order_reviews_dataset.csv
[32m2025-06-17 16:51:08 +0800[0m - dagster - [34mINFO[0m - __ASSET_JOB - a40b7cbc-159c-43e3-b8f8-63a615f8826d - processed_kaggle_data - Successfully cleaned and saved: ../data/olist_order_reviews_dataset_cleansed.csv
[32m2025-06-17 16:51:08 +0800[0m - dagster - [34mINFO[0m - __ASSET_JOB - a40b7cbc-159c-43e3-b8f8-63a615f8826d - processed_kaggle_data - Starting cleansing for: ../data/olist_products_dataset.csv
[32m2025-06-17 16:51:09 +0800[0m - dagster - [34mINFO[0m - __ASSET_JOB - a40b7cbc-159c-43e3-b8f8-63a615f8826d - processed_kaggle_data - Successfully cleaned and saved: ../data/olist_products_dataset_cleansed.csv
[32m2025-06-17 16:51:09 +0800[0m - dagster - [34mINFO[0m - __ASSET_JOB - a40b7cbc-159c-43e3-b8f8-63a615f8826d - processed_kaggle_data - Finished cleansing. Total 9 file(s) cleansed.
[32m2025-06-17 16:51:09 +0800[0m - dagster - [34mDEBUG[0m - __ASSET_JOB - a40b7cbc-159c-43e3-b8f8-63a615f8826d - 55084 - processed_kaggle_data - STEP_OUTPUT - Yielded output "result" of type "[Path]". (Type check passed).
[32m2025-06-17 16:51:09 +0800[0m - dagster - [34mDEBUG[0m - __ASSET_JOB - a40b7cbc-159c-43e3-b8f8-63a615f8826d - processed_kaggle_data - Writing file at: /Users/taysk/sctp/Project/SCTP-DSF1-Team5/03 - Code/pipeline-olist/.tmp_dagster_home____xempt/storage/processed_kaggle_data using PickledObjectFilesystemIOManager...
[32m2025-06-17 16:51:09 +0800[0m - dagster - [34mDEBUG[0m - __ASSET_JOB - a40b7cbc-159c-43e3-b8f8-63a615f8826d - 55084 - processed_kaggle_data - ASSET_MATERIALIZATION - Materialized value processed_kaggle_data.
[32m2025-06-17 16:51:09 +0800[0m - dagster - [34mDEBUG[0m - __ASSET_JOB - a40b7cbc-159c-43e3-b8f8-63a615f8826d - 55084 - processed_kaggle_data - HANDLED_OUTPUT - Handled output "result" using IO manager "io_manager"
[32m2025-06-17 16:51:09 +0800[0m - dagster - [34mDEBUG[0m - __ASSET_JOB - a40b7cbc-159c-43e3-b8f8-63a615f8826d - 55084 - processed_kaggle_data - STEP_SUCCESS - Finished execution of step "processed_kaggle_data" in 12.97s.
