[32m2025-06-17 17:06:00 +0800[0m - dagster - [34mDEBUG[0m - __ASSET_JOB - 4691719d-878c-492a-b4d9-40bee0987db5 - 55864 - LOGS_CAPTURED - Started capturing logs in process (pid: 55864).
[32m2025-06-17 17:06:00 +0800[0m - dagster - [34mDEBUG[0m - __ASSET_JOB - 4691719d-878c-492a-b4d9-40bee0987db5 - 55864 - processed_kaggle_data - STEP_START - Started execution of step "processed_kaggle_data".
[32m2025-06-17 17:06:00 +0800[0m - dagster - [34mDEBUG[0m - __ASSET_JOB - 4691719d-878c-492a-b4d9-40bee0987db5 - processed_kaggle_data - Loading file from: /Users/taysk/sctp/Project/SCTP-DSF1-Team5/03 - Code/pipeline-olist/.tmp_dagster_home_etlu7wq6/storage/kaggle_dataset using PickledObjectFilesystemIOManager...
[32m2025-06-17 17:06:00 +0800[0m - dagster - [34mDEBUG[0m - __ASSET_JOB - 4691719d-878c-492a-b4d9-40bee0987db5 - 55864 - processed_kaggle_data - LOADED_INPUT - Loaded input "kaggle_dataset" using input manager "io_manager"
[32m2025-06-17 17:06:00 +0800[0m - dagster - [34mDEBUG[0m - __ASSET_JOB - 4691719d-878c-492a-b4d9-40bee0987db5 - 55864 - processed_kaggle_data - STEP_INPUT - Got input "kaggle_dataset" of type "Path". (Type check passed).
[32m2025-06-17 17:06:00 +0800[0m - dagster - [34mINFO[0m - __ASSET_JOB - 4691719d-878c-492a-b4d9-40bee0987db5 - processed_kaggle_data - Processing Kaggle dataset at: ../data
[32m2025-06-17 17:06:00 +0800[0m - dagster - [34mINFO[0m - __ASSET_JOB - 4691719d-878c-492a-b4d9-40bee0987db5 - processed_kaggle_data - Found 9 CSV file(s) for cleansing in ../data.
[32m2025-06-17 17:06:00 +0800[0m - dagster - [34mINFO[0m - __ASSET_JOB - 4691719d-878c-492a-b4d9-40bee0987db5 - processed_kaggle_data - Starting cleansing for: ../data/olist_sellers_dataset.csv
[32m2025-06-17 17:06:00 +0800[0m - dagster - [34mINFO[0m - __ASSET_JOB - 4691719d-878c-492a-b4d9-40bee0987db5 - processed_kaggle_data - Successfully cleaned and saved: ../data/olist_sellers_dataset_cleansed.csv
[32m2025-06-17 17:06:00 +0800[0m - dagster - [34mINFO[0m - __ASSET_JOB - 4691719d-878c-492a-b4d9-40bee0987db5 - processed_kaggle_data - Starting cleansing for: ../data/product_category_name_translation.csv
[32m2025-06-17 17:06:00 +0800[0m - dagster - [34mINFO[0m - __ASSET_JOB - 4691719d-878c-492a-b4d9-40bee0987db5 - processed_kaggle_data - Successfully cleaned and saved: ../data/product_category_name_translation_cleansed.csv
[32m2025-06-17 17:06:01 +0800[0m - dagster - [34mINFO[0m - __ASSET_JOB - 4691719d-878c-492a-b4d9-40bee0987db5 - processed_kaggle_data - Starting cleansing for: ../data/olist_orders_dataset.csv
[32m2025-06-17 17:06:02 +0800[0m - dagster - [34mINFO[0m - __ASSET_JOB - 4691719d-878c-492a-b4d9-40bee0987db5 - processed_kaggle_data - Successfully cleaned and saved: ../data/olist_orders_dataset_cleansed.csv
[32m2025-06-17 17:06:02 +0800[0m - dagster - [34mINFO[0m - __ASSET_JOB - 4691719d-878c-492a-b4d9-40bee0987db5 - processed_kaggle_data - Starting cleansing for: ../data/olist_order_items_dataset.csv
[32m2025-06-17 17:06:03 +0800[0m - dagster - [34mINFO[0m - __ASSET_JOB - 4691719d-878c-492a-b4d9-40bee0987db5 - processed_kaggle_data - Successfully cleaned and saved: ../data/olist_order_items_dataset_cleansed.csv
[32m2025-06-17 17:06:03 +0800[0m - dagster - [34mINFO[0m - __ASSET_JOB - 4691719d-878c-492a-b4d9-40bee0987db5 - processed_kaggle_data - Starting cleansing for: ../data/olist_customers_dataset.csv
[32m2025-06-17 17:06:04 +0800[0m - dagster - [34mINFO[0m - __ASSET_JOB - 4691719d-878c-492a-b4d9-40bee0987db5 - processed_kaggle_data - Successfully cleaned and saved: ../data/olist_customers_dataset_cleansed.csv
[32m2025-06-17 17:06:04 +0800[0m - dagster - [34mINFO[0m - __ASSET_JOB - 4691719d-878c-492a-b4d9-40bee0987db5 - processed_kaggle_data - Starting cleansing for: ../data/olist_geolocation_dataset.csv
[32m2025-06-17 17:06:11 +0800[0m - dagster - [34mINFO[0m - __ASSET_JOB - 4691719d-878c-492a-b4d9-40bee0987db5 - processed_kaggle_data - Successfully cleaned and saved: ../data/olist_geolocation_dataset_cleansed.csv
[32m2025-06-17 17:06:11 +0800[0m - dagster - [34mINFO[0m - __ASSET_JOB - 4691719d-878c-492a-b4d9-40bee0987db5 - processed_kaggle_data - Starting cleansing for: ../data/olist_order_payments_dataset.csv
[32m2025-06-17 17:06:12 +0800[0m - dagster - [34mINFO[0m - __ASSET_JOB - 4691719d-878c-492a-b4d9-40bee0987db5 - processed_kaggle_data - Successfully cleaned and saved: ../data/olist_order_payments_dataset_cleansed.csv
[32m2025-06-17 17:06:12 +0800[0m - dagster - [34mINFO[0m - __ASSET_JOB - 4691719d-878c-492a-b4d9-40bee0987db5 - processed_kaggle_data - Starting cleansing for: ../data/olist_order_reviews_dataset.csv
[32m2025-06-17 17:06:13 +0800[0m - dagster - [34mINFO[0m - __ASSET_JOB - 4691719d-878c-492a-b4d9-40bee0987db5 - processed_kaggle_data - Successfully cleaned and saved: ../data/olist_order_reviews_dataset_cleansed.csv
[32m2025-06-17 17:06:13 +0800[0m - dagster - [34mINFO[0m - __ASSET_JOB - 4691719d-878c-492a-b4d9-40bee0987db5 - processed_kaggle_data - Starting cleansing for: ../data/olist_products_dataset.csv
[32m2025-06-17 17:06:14 +0800[0m - dagster - [34mINFO[0m - __ASSET_JOB - 4691719d-878c-492a-b4d9-40bee0987db5 - processed_kaggle_data - Successfully cleaned and saved: ../data/olist_products_dataset_cleansed.csv
[32m2025-06-17 17:06:14 +0800[0m - dagster - [34mINFO[0m - __ASSET_JOB - 4691719d-878c-492a-b4d9-40bee0987db5 - processed_kaggle_data - Finished cleansing. Total 9 file(s) cleansed.
[32m2025-06-17 17:06:14 +0800[0m - dagster - [34mDEBUG[0m - __ASSET_JOB - 4691719d-878c-492a-b4d9-40bee0987db5 - 55864 - processed_kaggle_data - STEP_OUTPUT - Yielded output "result" of type "[Path]". (Type check passed).
[32m2025-06-17 17:06:14 +0800[0m - dagster - [34mDEBUG[0m - __ASSET_JOB - 4691719d-878c-492a-b4d9-40bee0987db5 - processed_kaggle_data - Writing file at: /Users/taysk/sctp/Project/SCTP-DSF1-Team5/03 - Code/pipeline-olist/.tmp_dagster_home_etlu7wq6/storage/processed_kaggle_data using PickledObjectFilesystemIOManager...
[32m2025-06-17 17:06:14 +0800[0m - dagster - [34mDEBUG[0m - __ASSET_JOB - 4691719d-878c-492a-b4d9-40bee0987db5 - 55864 - processed_kaggle_data - ASSET_MATERIALIZATION - Materialized value processed_kaggle_data.
[32m2025-06-17 17:06:14 +0800[0m - dagster - [34mDEBUG[0m - __ASSET_JOB - 4691719d-878c-492a-b4d9-40bee0987db5 - 55864 - processed_kaggle_data - HANDLED_OUTPUT - Handled output "result" using IO manager "io_manager"
[32m2025-06-17 17:06:14 +0800[0m - dagster - [34mDEBUG[0m - __ASSET_JOB - 4691719d-878c-492a-b4d9-40bee0987db5 - 55864 - processed_kaggle_data - STEP_SUCCESS - Finished execution of step "processed_kaggle_data" in 13.7s.
