[32m2025-06-18 12:25:39 +0800[0m - dagster - [34mDEBUG[0m - __ASSET_JOB - 0978f5cc-3708-4f28-b949-88aba3292318 - 75616 - LOGS_CAPTURED - Started capturing logs in process (pid: 75616).
[32m2025-06-18 12:25:39 +0800[0m - dagster - [34mDEBUG[0m - __ASSET_JOB - 0978f5cc-3708-4f28-b949-88aba3292318 - 75616 - processed_kaggle_data - STEP_START - Started execution of step "processed_kaggle_data".
[32m2025-06-18 12:25:39 +0800[0m - dagster - [34mDEBUG[0m - __ASSET_JOB - 0978f5cc-3708-4f28-b949-88aba3292318 - processed_kaggle_data - Loading file from: /Users/taysk/sctp/Project/SCTP-DSF1-Team5/03 - Code/pipeline-olist/.tmp_dagster_home_4z1isjms/storage/kaggle_dataset using PickledObjectFilesystemIOManager...
[32m2025-06-18 12:25:39 +0800[0m - dagster - [34mDEBUG[0m - __ASSET_JOB - 0978f5cc-3708-4f28-b949-88aba3292318 - 75616 - processed_kaggle_data - LOADED_INPUT - Loaded input "kaggle_dataset" using input manager "io_manager", from output "result" of step "kaggle_dataset"
[32m2025-06-18 12:25:39 +0800[0m - dagster - [34mDEBUG[0m - __ASSET_JOB - 0978f5cc-3708-4f28-b949-88aba3292318 - 75616 - processed_kaggle_data - STEP_INPUT - Got input "kaggle_dataset" of type "Path". (Type check passed).
[32m2025-06-18 12:25:39 +0800[0m - dagster - [34mINFO[0m - __ASSET_JOB - 0978f5cc-3708-4f28-b949-88aba3292318 - processed_kaggle_data - Processing Kaggle dataset at: ../data
[32m2025-06-18 12:25:39 +0800[0m - dagster - [34mINFO[0m - __ASSET_JOB - 0978f5cc-3708-4f28-b949-88aba3292318 - processed_kaggle_data - Found 9 CSV file(s) for cleansing in ../data.
[32m2025-06-18 12:25:39 +0800[0m - dagster - [34mINFO[0m - __ASSET_JOB - 0978f5cc-3708-4f28-b949-88aba3292318 - processed_kaggle_data - Starting cleansing for: ../data/olist_sellers_dataset.csv
[32m2025-06-18 12:25:39 +0800[0m - dagster - [34mINFO[0m - __ASSET_JOB - 0978f5cc-3708-4f28-b949-88aba3292318 - processed_kaggle_data - Successfully cleaned and saved: ../data/olist_sellers_dataset_cleansed.csv
[32m2025-06-18 12:25:39 +0800[0m - dagster - [34mINFO[0m - __ASSET_JOB - 0978f5cc-3708-4f28-b949-88aba3292318 - processed_kaggle_data - Starting cleansing for: ../data/product_category_name_translation.csv
[32m2025-06-18 12:25:39 +0800[0m - dagster - [34mINFO[0m - __ASSET_JOB - 0978f5cc-3708-4f28-b949-88aba3292318 - processed_kaggle_data - Successfully cleaned and saved: ../data/product_category_name_translation_cleansed.csv
[32m2025-06-18 12:25:39 +0800[0m - dagster - [34mINFO[0m - __ASSET_JOB - 0978f5cc-3708-4f28-b949-88aba3292318 - processed_kaggle_data - Starting cleansing for: ../data/olist_orders_dataset.csv
[32m2025-06-18 12:25:40 +0800[0m - dagster - [34mINFO[0m - __ASSET_JOB - 0978f5cc-3708-4f28-b949-88aba3292318 - processed_kaggle_data - Successfully cleaned and saved: ../data/olist_orders_dataset_cleansed.csv
[32m2025-06-18 12:25:40 +0800[0m - dagster - [34mINFO[0m - __ASSET_JOB - 0978f5cc-3708-4f28-b949-88aba3292318 - processed_kaggle_data - Starting cleansing for: ../data/olist_order_items_dataset.csv
[32m2025-06-18 12:25:41 +0800[0m - dagster - [34mINFO[0m - __ASSET_JOB - 0978f5cc-3708-4f28-b949-88aba3292318 - processed_kaggle_data - Successfully cleaned and saved: ../data/olist_order_items_dataset_cleansed.csv
[32m2025-06-18 12:25:41 +0800[0m - dagster - [34mINFO[0m - __ASSET_JOB - 0978f5cc-3708-4f28-b949-88aba3292318 - processed_kaggle_data - Starting cleansing for: ../data/olist_customers_dataset.csv
[32m2025-06-18 12:25:42 +0800[0m - dagster - [34mINFO[0m - __ASSET_JOB - 0978f5cc-3708-4f28-b949-88aba3292318 - processed_kaggle_data - Successfully cleaned and saved: ../data/olist_customers_dataset_cleansed.csv
[32m2025-06-18 12:25:42 +0800[0m - dagster - [34mINFO[0m - __ASSET_JOB - 0978f5cc-3708-4f28-b949-88aba3292318 - processed_kaggle_data - Starting cleansing for: ../data/olist_geolocation_dataset.csv
[32m2025-06-18 12:25:46 +0800[0m - dagster - [34mINFO[0m - __ASSET_JOB - 0978f5cc-3708-4f28-b949-88aba3292318 - processed_kaggle_data - Successfully cleaned and saved: ../data/olist_geolocation_dataset_cleansed.csv
[32m2025-06-18 12:25:46 +0800[0m - dagster - [34mINFO[0m - __ASSET_JOB - 0978f5cc-3708-4f28-b949-88aba3292318 - processed_kaggle_data - Starting cleansing for: ../data/olist_order_payments_dataset.csv
[32m2025-06-18 12:25:47 +0800[0m - dagster - [34mINFO[0m - __ASSET_JOB - 0978f5cc-3708-4f28-b949-88aba3292318 - processed_kaggle_data - Successfully cleaned and saved: ../data/olist_order_payments_dataset_cleansed.csv
[32m2025-06-18 12:25:47 +0800[0m - dagster - [34mINFO[0m - __ASSET_JOB - 0978f5cc-3708-4f28-b949-88aba3292318 - processed_kaggle_data - Starting cleansing for: ../data/olist_order_reviews_dataset.csv
[32m2025-06-18 12:25:47 +0800[0m - dagster - [34mINFO[0m - __ASSET_JOB - 0978f5cc-3708-4f28-b949-88aba3292318 - processed_kaggle_data - Successfully cleaned and saved: ../data/olist_order_reviews_dataset_cleansed.csv
[32m2025-06-18 12:25:47 +0800[0m - dagster - [34mINFO[0m - __ASSET_JOB - 0978f5cc-3708-4f28-b949-88aba3292318 - processed_kaggle_data - Starting cleansing for: ../data/olist_products_dataset.csv
[32m2025-06-18 12:25:48 +0800[0m - dagster - [34mINFO[0m - __ASSET_JOB - 0978f5cc-3708-4f28-b949-88aba3292318 - processed_kaggle_data - Successfully cleaned and saved: ../data/olist_products_dataset_cleansed.csv
[32m2025-06-18 12:25:48 +0800[0m - dagster - [34mINFO[0m - __ASSET_JOB - 0978f5cc-3708-4f28-b949-88aba3292318 - processed_kaggle_data - Finished cleansing. Total 9 file(s) cleansed.
[32m2025-06-18 12:25:48 +0800[0m - dagster - [34mDEBUG[0m - __ASSET_JOB - 0978f5cc-3708-4f28-b949-88aba3292318 - 75616 - processed_kaggle_data - STEP_OUTPUT - Yielded output "result" of type "[Path]". (Type check passed).
[32m2025-06-18 12:25:48 +0800[0m - dagster - [34mDEBUG[0m - __ASSET_JOB - 0978f5cc-3708-4f28-b949-88aba3292318 - processed_kaggle_data - Writing file at: /Users/taysk/sctp/Project/SCTP-DSF1-Team5/03 - Code/pipeline-olist/.tmp_dagster_home_4z1isjms/storage/processed_kaggle_data using PickledObjectFilesystemIOManager...
[32m2025-06-18 12:25:48 +0800[0m - dagster - [34mDEBUG[0m - __ASSET_JOB - 0978f5cc-3708-4f28-b949-88aba3292318 - 75616 - processed_kaggle_data - ASSET_MATERIALIZATION - Materialized value processed_kaggle_data.
[32m2025-06-18 12:25:48 +0800[0m - dagster - [34mDEBUG[0m - __ASSET_JOB - 0978f5cc-3708-4f28-b949-88aba3292318 - 75616 - processed_kaggle_data - HANDLED_OUTPUT - Handled output "result" using IO manager "io_manager"
[32m2025-06-18 12:25:48 +0800[0m - dagster - [34mDEBUG[0m - __ASSET_JOB - 0978f5cc-3708-4f28-b949-88aba3292318 - 75616 - processed_kaggle_data - STEP_SUCCESS - Finished execution of step "processed_kaggle_data" in 8.49s.
