[32m2025-06-17 17:42:37 +0800[0m - dagster - [34mDEBUG[0m - __ASSET_JOB - ff07d652-9031-4e12-aa9a-44db73f8f135 - 57105 - LOGS_CAPTURED - Started capturing logs in process (pid: 57105).
[32m2025-06-17 17:42:37 +0800[0m - dagster - [34mDEBUG[0m - __ASSET_JOB - ff07d652-9031-4e12-aa9a-44db73f8f135 - 57105 - test_transform_data - STEP_START - Started execution of step "test_transform_data".
[32m2025-06-17 17:42:38 +0800[0m - dagster - [34mDEBUG[0m - __ASSET_JOB - ff07d652-9031-4e12-aa9a-44db73f8f135 - test_transform_data - Loading file from: /Users/taysk/sctp/Project/SCTP-DSF1-Team5/03 - Code/pipeline-olist/.tmp_dagster_home_etlu7wq6/storage/transform_kaggle_data using PickledObjectFilesystemIOManager...
[32m2025-06-17 17:42:38 +0800[0m - dagster - [34mDEBUG[0m - __ASSET_JOB - ff07d652-9031-4e12-aa9a-44db73f8f135 - 57105 - test_transform_data - LOADED_INPUT - Loaded input "transform_kaggle_data" using input manager "io_manager"
[32m2025-06-17 17:42:38 +0800[0m - dagster - [34mDEBUG[0m - __ASSET_JOB - ff07d652-9031-4e12-aa9a-44db73f8f135 - 57105 - test_transform_data - STEP_INPUT - Got input "transform_kaggle_data" of type "Any". (Type check passed).
[32m2025-06-17 17:42:38 +0800[0m - dagster - [34mINFO[0m - __ASSET_JOB - ff07d652-9031-4e12-aa9a-44db73f8f135 - test_transform_data - Starting dbt tests (dbt test)...
[32m2025-06-17 17:42:59 +0800[0m - dagster - [34mINFO[0m - __ASSET_JOB - ff07d652-9031-4e12-aa9a-44db73f8f135 - test_transform_data - dbt test command executed successfully.
[32m2025-06-17 17:42:59 +0800[0m - dagster - [34mINFO[0m - __ASSET_JOB - ff07d652-9031-4e12-aa9a-44db73f8f135 - test_transform_data - dbt test stdout:
[0m09:42:40  Running with dbt=1.9.2
[0m09:42:43  Registered adapter: bigquery=1.9.1
[0m09:42:44  [[33mWARNING[0m]: Did not find matching node for patch with name 'fact_sales_distribution' in the 'models' section of file 'models/schema.yml'
[0m09:42:44  [[33mWARNING[0m]: Did not find matching node for patch with name 'fact_order_distribution' in the 'models' section of file 'models/schema.yml'
[0m09:42:44  Found 11 models, 27 data tests, 15 sources, 715 macros
[0m09:42:44  
[0m09:42:44  Concurrency: 4 threads (target='dev')
[0m09:42:44  
[0m09:42:45  1 of 27 START test dbt_expectations_expect_compound_columns_to_be_unique_dim_sellers_seller_id__order_id  [RUN]
[0m09:42:45  2 of 27 START test dbt_expectations_expect_compound_columns_to_be_unique_fact_order_items_order_id__order_item_id__customer_id__seller_id  [RUN]
[0m09:42:45  3 of 27 START test dbt_expectations_expect_compound_columns_to_be_unique_fact_order_items_stg_order_id__order_item_id  [RUN]
[0m09:42:45  4 of 27 START test dbt_expectations_expect_compound_columns_to_be_unique_fact_order_payments_order_id__payment_sequential  [RUN]
[0m09:42:47  4 of 27 PASS dbt_expectations_expect_compound_columns_to_be_unique_fact_order_payments_order_id__payment_sequential  [[32mPASS[0m in 2.12s]
[0m09:42:47  5 of 27 START test not_null_dim_orders_order_id ................................ [RUN]
[0m09:42:47  2 of 27 PASS dbt_expectations_expect_compound_columns_to_be_unique_fact_order_items_order_id__order_item_id__customer_id__seller_id  [[32mPASS[0m in 2.13s]
[0m09:42:47  1 of 27 PASS dbt_expectations_expect_compound_columns_to_be_unique_dim_sellers_seller_id__order_id  [[32mPASS[0m in 2.14s]
[0m09:42:47  6 of 27 START test not_null_dim_orders_stg_order_id ............................ [RUN]
[0m09:42:47  7 of 27 START test not_null_dim_product_category_name_translation_stg_product_category_name  [RUN]
[0m09:42:48  3 of 27 PASS dbt_expectations_expect_compound_columns_to_be_unique_fact_order_items_stg_order_id__order_item_id  [[32mPASS[0m in 2.95s]
[0m09:42:48  8 of 27 START test not_null_dim_product_category_name_translation_stg_product_category_name_english  [RUN]
[0m09:42:49  7 of 27 PASS not_null_dim_product_category_name_translation_stg_product_category_name  [[32mPASS[0m in 1.80s]
[0m09:42:49  9 of 27 START test not_null_dim_products_product_id ............................ [RUN]
[0m09:42:49  5 of 27 PASS not_null_dim_orders_order_id ...................................... [[32mPASS[0m in 1.84s]
[0m09:42:49  6 of 27 PASS not_null_dim_orders_stg_order_id .................................. [[32mPASS[0m in 1.83s]
[0m09:42:49  10 of 27 START test not_null_dim_products_stg_product_id ....................... [RUN]
[0m09:42:49  11 of 27 START test not_null_dim_sellers_order_id .............................. [RUN]
[0m09:42:50  8 of 27 PASS not_null_dim_product_category_name_translation_stg_product_category_name_english  [[32mPASS[0m in 1.91s]
[0m09:42:50  12 of 27 START test not_null_dim_sellers_seller_id ............................. [RUN]
[0m09:42:51  10 of 27 PASS not_null_dim_products_stg_product_id ............................. [[32mPASS[0m in 1.91s]
[0m09:42:51  11 of 27 PASS not_null_dim_sellers_order_id .................................... [[32mPASS[0m in 1.91s]
[0m09:42:51  9 of 27 PASS not_null_dim_products_product_id .................................. [[32mPASS[0m in 1.94s]
[0m09:42:51  13 of 27 START test not_null_dim_sellers_stg_seller_id ......................... [RUN]
[0m09:42:51  14 of 27 START test not_null_fact_order_items_order_id ......................... [RUN]
[0m09:42:51  15 of 27 START test not_null_fact_order_items_order_item_id .................... [RUN]
[0m09:42:51  12 of 27 PASS not_null_dim_sellers_seller_id ................................... [[32mPASS[0m in 1.72s]
[0m09:42:51  16 of 27 START test not_null_fact_order_items_stg_order_id ..................... [RUN]
[0m09:42:52  15 of 27 PASS not_null_fact_order_items_order_item_id .......................... [[32mPASS[0m in 1.83s]
[0m09:42:52  14 of 27 PASS not_null_fact_order_items_order_id ............................... [[32mPASS[0m in 1.83s]
[0m09:42:52  13 of 27 PASS not_null_dim_sellers_stg_seller_id ............................... [[32mPASS[0m in 1.83s]
[0m09:42:52  17 of 27 START test not_null_fact_order_items_stg_order_item_id ................ [RUN]
[0m09:42:52  18 of 27 START test not_null_fact_order_payments_order_id ...................... [RUN]
[0m09:42:52  19 of 27 START test not_null_fact_order_payments_payment_sequential ............ [RUN]
[0m09:42:53  16 of 27 PASS not_null_fact_order_items_stg_order_id ........................... [[32mPASS[0m in 1.81s]
[0m09:42:53  20 of 27 START test not_null_fact_order_payments_stg_order_id .................. [RUN]
[0m09:42:54  18 of 27 PASS not_null_fact_order_payments_order_id ............................ [[32mPASS[0m in 1.71s]
[0m09:42:54  21 of 27 START test not_null_fact_order_payments_stg_payment_sequential ........ [RUN]
[0m09:42:54  17 of 27 PASS not_null_fact_order_items_stg_order_item_id ...................... [[32mPASS[0m in 1.73s]
[0m09:42:54  22 of 27 START test relationships_fact_order_items_seller_id__seller_id__ref_dim_sellers_  [RUN]
[0m09:42:54  19 of 27 PASS not_null_fact_order_payments_payment_sequential .................. [[32mPASS[0m in 1.79s]
[0m09:42:54  23 of 27 START test unique_dim_orders_order_id ................................. [RUN]
[0m09:42:55  20 of 27 PASS not_null_fact_order_payments_stg_order_id ........................ [[32mPASS[0m in 1.65s]
[0m09:42:55  24 of 27 START test unique_dim_orders_stg_order_id ............................. [RUN]
[0m09:42:56  21 of 27 PASS not_null_fact_order_payments_stg_payment_sequential .............. [[32mPASS[0m in 1.62s]
[0m09:42:56  25 of 27 START test unique_dim_products_product_id ............................. [RUN]
[0m09:42:56  23 of 27 PASS unique_dim_orders_order_id ....................................... [[32mPASS[0m in 1.62s]
[0m09:42:56  22 of 27 PASS relationships_fact_order_items_seller_id__seller_id__ref_dim_sellers_  [[32mPASS[0m in 1.69s]
[0m09:42:56  26 of 27 START test unique_dim_products_stg_product_id ......................... [RUN]
[0m09:42:56  27 of 27 START test unique_dim_sellers_stg_seller_id ........................... [RUN]
[0m09:42:56  24 of 27 PASS unique_dim_orders_stg_order_id ................................... [[32mPASS[0m in 1.64s]
[0m09:42:58  25 of 27 PASS unique_dim_products_product_id ................................... [[32mPASS[0m in 1.76s]
[0m09:42:58  27 of 27 PASS unique_dim_sellers_stg_seller_id ................................. [[32mPASS[0m in 1.69s]
[0m09:42:58  26 of 27 PASS unique_dim_products_stg_product_id ............................... [[32mPASS[0m in 1.76s]
[0m09:42:58  
[0m09:42:58  Finished running 27 data tests in 0 hours 0 minutes and 13.63 seconds (13.63s).
[0m09:42:58  
[0m09:42:58  [32mCompleted successfully[0m
[0m09:42:58  
[0m09:42:58  Done. PASS=27 WARN=0 ERROR=0 SKIP=0 TOTAL=27

[32m2025-06-17 17:42:59 +0800[0m - dagster - [34mWARNING[0m - __ASSET_JOB - ff07d652-9031-4e12-aa9a-44db73f8f135 - test_transform_data - dbt test stderr (if any):
/opt/anaconda3/envs/elt/lib/python3.10/site-packages/dbt/adapters/bigquery/connections.py:570: FutureWarning: job_retry must be explicitly set to None if job_id is set.
BigQuery cannot retry a failed job by using the exact
same ID. Setting job_id without explicitly disabling
job_retry will raise an error in the future. To avoid this
warning, either use job_id_prefix instead (preferred) or
set job_retry=None.
  query_job = client.query(
/opt/anaconda3/envs/elt/lib/python3.10/site-packages/dbt/adapters/bigquery/connections.py:570: FutureWarning: job_retry must be explicitly set to None if job_id is set.
BigQuery cannot retry a failed job by using the exact
same ID. Setting job_id without explicitly disabling
job_retry will raise an error in the future. To avoid this
warning, either use job_id_prefix instead (preferred) or
set job_retry=None.
  query_job = client.query(
/opt/anaconda3/envs/elt/lib/python3.10/site-packages/dbt/adapters/bigquery/connections.py:570: FutureWarning: job_retry must be explicitly set to None if job_id is set.
BigQuery cannot retry a failed job by using the exact
same ID. Setting job_id without explicitly disabling
job_retry will raise an error in the future. To avoid this
warning, either use job_id_prefix instead (preferred) or
set job_retry=None.
  query_job = client.query(
/opt/anaconda3/envs/elt/lib/python3.10/site-packages/dbt/adapters/bigquery/connections.py:570: FutureWarning: job_retry must be explicitly set to None if job_id is set.
BigQuery cannot retry a failed job by using the exact
same ID. Setting job_id without explicitly disabling
job_retry will raise an error in the future. To avoid this
warning, either use job_id_prefix instead (preferred) or
set job_retry=None.
  query_job = client.query(
/opt/anaconda3/envs/elt/lib/python3.10/site-packages/dbt/adapters/bigquery/connections.py:570: FutureWarning: job_retry must be explicitly set to None if job_id is set.
BigQuery cannot retry a failed job by using the exact
same ID. Setting job_id without explicitly disabling
job_retry will raise an error in the future. To avoid this
warning, either use job_id_prefix instead (preferred) or
set job_retry=None.
  query_job = client.query(
/opt/anaconda3/envs/elt/lib/python3.10/site-packages/dbt/adapters/bigquery/connections.py:570: FutureWarning: job_retry must be explicitly set to None if job_id is set.
BigQuery cannot retry a failed job by using the exact
same ID. Setting job_id without explicitly disabling
job_retry will raise an error in the future. To avoid this
warning, either use job_id_prefix instead (preferred) or
set job_retry=None.
  query_job = client.query(
/opt/anaconda3/envs/elt/lib/python3.10/site-packages/dbt/adapters/bigquery/connections.py:570: FutureWarning: job_retry must be explicitly set to None if job_id is set.
BigQuery cannot retry a failed job by using the exact
same ID. Setting job_id without explicitly disabling
job_retry will raise an error in the future. To avoid this
warning, either use job_id_prefix instead (preferred) or
set job_retry=None.
  query_job = client.query(
/opt/anaconda3/envs/elt/lib/python3.10/site-packages/dbt/adapters/bigquery/connections.py:570: FutureWarning: job_retry must be explicitly set to None if job_id is set.
BigQuery cannot retry a failed job by using the exact
same ID. Setting job_id without explicitly disabling
job_retry will raise an error in the future. To avoid this
warning, either use job_id_prefix instead (preferred) or
set job_retry=None.
  query_job = client.query(
/opt/anaconda3/envs/elt/lib/python3.10/site-packages/dbt/adapters/bigquery/connections.py:570: FutureWarning: job_retry must be explicitly set to None if job_id is set.
BigQuery cannot retry a failed job by using the exact
same ID. Setting job_id without explicitly disabling
job_retry will raise an error in the future. To avoid this
warning, either use job_id_prefix instead (preferred) or
set job_retry=None.
  query_job = client.query(
/opt/anaconda3/envs/elt/lib/python3.10/site-packages/dbt/adapters/bigquery/connections.py:570: FutureWarning: job_retry must be explicitly set to None if job_id is set.
BigQuery cannot retry a failed job by using the exact
same ID. Setting job_id without explicitly disabling
job_retry will raise an error in the future. To avoid this
warning, either use job_id_prefix instead (preferred) or
set job_retry=None.
  query_job = client.query(
/opt/anaconda3/envs/elt/lib/python3.10/site-packages/dbt/adapters/bigquery/connections.py:570: FutureWarning: job_retry must be explicitly set to None if job_id is set.
BigQuery cannot retry a failed job by using the exact
same ID. Setting job_id without explicitly disabling
job_retry will raise an error in the future. To avoid this
warning, either use job_id_prefix instead (preferred) or
set job_retry=None.
  query_job = client.query(
/opt/anaconda3/envs/elt/lib/python3.10/site-packages/dbt/adapters/bigquery/connections.py:570: FutureWarning: job_retry must be explicitly set to None if job_id is set.
BigQuery cannot retry a failed job by using the exact
same ID. Setting job_id without explicitly disabling
job_retry will raise an error in the future. To avoid this
warning, either use job_id_prefix instead (preferred) or
set job_retry=None.
  query_job = client.query(

[32m2025-06-17 17:42:59 +0800[0m - dagster - [34mINFO[0m - __ASSET_JOB - ff07d652-9031-4e12-aa9a-44db73f8f135 - test_transform_data - dbt tests completed.
[32m2025-06-17 17:42:59 +0800[0m - dagster - [34mDEBUG[0m - __ASSET_JOB - ff07d652-9031-4e12-aa9a-44db73f8f135 - 57105 - test_transform_data - STEP_OUTPUT - Yielded output "result" of type "Any". (Type check passed).
[32m2025-06-17 17:42:59 +0800[0m - dagster - [34mDEBUG[0m - __ASSET_JOB - ff07d652-9031-4e12-aa9a-44db73f8f135 - test_transform_data - Writing file at: /Users/taysk/sctp/Project/SCTP-DSF1-Team5/03 - Code/pipeline-olist/.tmp_dagster_home_etlu7wq6/storage/test_transform_data using PickledObjectFilesystemIOManager...
[32m2025-06-17 17:42:59 +0800[0m - dagster - [34mDEBUG[0m - __ASSET_JOB - ff07d652-9031-4e12-aa9a-44db73f8f135 - 57105 - test_transform_data - ASSET_MATERIALIZATION - Materialized value test_transform_data.
[32m2025-06-17 17:42:59 +0800[0m - dagster - [34mDEBUG[0m - __ASSET_JOB - ff07d652-9031-4e12-aa9a-44db73f8f135 - 57105 - test_transform_data - HANDLED_OUTPUT - Handled output "result" using IO manager "io_manager"
[32m2025-06-17 17:42:59 +0800[0m - dagster - [34mDEBUG[0m - __ASSET_JOB - ff07d652-9031-4e12-aa9a-44db73f8f135 - 57105 - test_transform_data - STEP_SUCCESS - Finished execution of step "test_transform_data" in 21.93s.
