[32m2025-06-18 12:59:44 +0800[0m - dagster - [34mDEBUG[0m - __ASSET_JOB - 0c3f5015-59ee-4dbf-8260-2ed072b6c53c - 76612 - LOGS_CAPTURED - Started capturing logs in process (pid: 76612).
[32m2025-06-18 12:59:44 +0800[0m - dagster - [34mDEBUG[0m - __ASSET_JOB - 0c3f5015-59ee-4dbf-8260-2ed072b6c53c - 76612 - transform_kaggle_data - STEP_START - Started execution of step "transform_kaggle_data".
[32m2025-06-18 12:59:45 +0800[0m - dagster - [34mDEBUG[0m - __ASSET_JOB - 0c3f5015-59ee-4dbf-8260-2ed072b6c53c - transform_kaggle_data - Loading file from: /Users/taysk/sctp/Project/SCTP-DSF1-Team5/03 - Code/pipeline-olist/.tmp_dagster_home_dmmhm59w/storage/load_kaggle_data using PickledObjectFilesystemIOManager...
[32m2025-06-18 12:59:45 +0800[0m - dagster - [34mDEBUG[0m - __ASSET_JOB - 0c3f5015-59ee-4dbf-8260-2ed072b6c53c - 76612 - transform_kaggle_data - LOADED_INPUT - Loaded input "load_kaggle_data" using input manager "io_manager", from output "result" of step "load_kaggle_data"
[32m2025-06-18 12:59:45 +0800[0m - dagster - [34mDEBUG[0m - __ASSET_JOB - 0c3f5015-59ee-4dbf-8260-2ed072b6c53c - 76612 - transform_kaggle_data - STEP_INPUT - Got input "load_kaggle_data" of type "Any". (Type check passed).
[32m2025-06-18 12:59:45 +0800[0m - dagster - [34mINFO[0m - __ASSET_JOB - 0c3f5015-59ee-4dbf-8260-2ed072b6c53c - transform_kaggle_data - Starting dbt transformations (dbt run)...
[32m2025-06-18 13:01:42 +0800[0m - dagster - [34mINFO[0m - __ASSET_JOB - 0c3f5015-59ee-4dbf-8260-2ed072b6c53c - transform_kaggle_data - dbt run command executed successfully.
[32m2025-06-18 13:01:42 +0800[0m - dagster - [34mINFO[0m - __ASSET_JOB - 0c3f5015-59ee-4dbf-8260-2ed072b6c53c - transform_kaggle_data - dbt stdout:
[0m04:59:50  Running with dbt=1.9.8
[0m04:59:58  Registered adapter: bigquery=1.9.1
[0m04:59:59  Unable to do partial parsing because of a version mismatch
[0m05:00:02  Found 13 models, 27 data tests, 15 sources, 715 macros
[0m05:00:02  
[0m05:00:02  Concurrency: 4 threads (target='dev')
[0m05:00:02  
[0m05:00:04  1 of 13 START sql table model olist_stg.dim_orders_stg ......................... [RUN]
[0m05:00:04  2 of 13 START sql table model olist_stg.dim_product_category_name_translation_stg  [RUN]
[0m05:00:04  3 of 13 START sql table model olist_stg.dim_products_stg ....................... [RUN]
[0m05:00:04  4 of 13 START sql table model olist_stg.dim_sellers_stg ........................ [RUN]
[0m05:00:09  2 of 13 OK created sql table model olist_stg.dim_product_category_name_translation_stg  [[32mCREATE TABLE (71.0 rows, 2.6 KiB processed)[0m in 4.90s]
[0m05:00:09  3 of 13 OK created sql table model olist_stg.dim_products_stg .................. [[32mCREATE TABLE (32.3k rows, 2.5 MiB processed)[0m in 4.91s]
[0m05:00:09  4 of 13 OK created sql table model olist_stg.dim_sellers_stg ................... [[32mCREATE TABLE (3.1k rows, 172.8 KiB processed)[0m in 4.91s]
[0m05:00:09  5 of 13 START sql table model olist_stg.fact_order_items_stg ................... [RUN]
[0m05:00:09  6 of 13 START sql table model olist_stg.fact_order_payments_stg ................ [RUN]
[0m05:00:09  7 of 13 START sql table model olist.dim_products ............................... [RUN]
[0m05:00:13  6 of 13 OK created sql table model olist_stg.fact_order_payments_stg ........... [[32mCREATE TABLE (103.9k rows, 5.9 MiB processed)[0m in 4.83s]
[0m05:00:22  7 of 13 OK created sql table model olist.dim_products .......................... [[32mCREATE TABLE (32.3k rows, 5.0 MiB processed)[0m in 13.75s]
[0m05:00:27  1 of 13 OK created sql table model olist_stg.dim_orders_stg .................... [[32mCREATE TABLE (99.4k rows, 17.4 MiB processed)[0m in 23.28s]
[0m05:00:27  8 of 13 START sql table model olist.dim_orders ................................. [RUN]
[0m05:00:32  8 of 13 OK created sql table model olist.dim_orders ............................ [[32mCREATE TABLE (99.4k rows, 11.2 MiB processed)[0m in 4.91s]
[0m05:00:32  9 of 13 START sql table model olist.fact_order_payments ........................ [RUN]
[0m05:00:38  9 of 13 OK created sql table model olist.fact_order_payments ................... [[32mCREATE TABLE (103.9k rows, 19.7 MiB processed)[0m in 6.03s]
[0m05:00:49  5 of 13 OK created sql table model olist_stg.fact_order_items_stg .............. [[32mCREATE TABLE (112.7k rows, 15.1 MiB processed)[0m in 40.71s]
[0m05:00:49  10 of 13 START sql table model olist.dim_sellers ............................... [RUN]
[0m05:00:54  10 of 13 OK created sql table model olist.dim_sellers .......................... [[32mCREATE TABLE (100.0k rows, 7.5 MiB processed)[0m in 5.08s]
[0m05:00:54  11 of 13 START sql table model olist.fact_order_items .......................... [RUN]
[0m05:01:34  11 of 13 OK created sql table model olist.fact_order_items ..................... [[32mCREATE TABLE (112.7k rows, 33.7 MiB processed)[0m in 40.03s]
[0m05:01:34  12 of 13 START sql table model olist.fact_order_distribution ................... [RUN]
[0m05:01:34  13 of 13 START sql table model olist.fact_sales_distribution ................... [RUN]
[0m05:01:39  13 of 13 OK created sql table model olist.fact_sales_distribution .............. [[32mCREATE TABLE (20.0 rows, 14.0 MiB processed)[0m in 4.46s]
[0m05:01:40  12 of 13 OK created sql table model olist.fact_order_distribution .............. [[32mCREATE TABLE (20.0 rows, 12.3 MiB processed)[0m in 5.21s]
[0m05:01:40  
[0m05:01:40  Finished running 13 table models in 0 hours 1 minutes and 37.46 seconds (97.46s).
[0m05:01:40  
[0m05:01:40  [32mCompleted successfully[0m
[0m05:01:40  
[0m05:01:40  Done. PASS=13 WARN=0 ERROR=0 SKIP=0 TOTAL=13

[32m2025-06-18 13:01:42 +0800[0m - dagster - [34mWARNING[0m - __ASSET_JOB - 0c3f5015-59ee-4dbf-8260-2ed072b6c53c - transform_kaggle_data - dbt stderr (if any):
/opt/anaconda3/envs/dagster_dev/lib/python3.10/site-packages/dbt/adapters/bigquery/connections.py:570: FutureWarning: job_retry must be explicitly set to None if job_id is set.
BigQuery cannot retry a failed job by using the exact
same ID. Setting job_id without explicitly disabling
job_retry will raise an error in the future. To avoid this
warning, either use job_id_prefix instead (preferred) or
set job_retry=None.
  query_job = client.query(
/opt/anaconda3/envs/dagster_dev/lib/python3.10/site-packages/dbt/adapters/bigquery/connections.py:570: FutureWarning: job_retry must be explicitly set to None if job_id is set.
BigQuery cannot retry a failed job by using the exact
same ID. Setting job_id without explicitly disabling
job_retry will raise an error in the future. To avoid this
warning, either use job_id_prefix instead (preferred) or
set job_retry=None.
  query_job = client.query(
/opt/anaconda3/envs/dagster_dev/lib/python3.10/site-packages/dbt/adapters/bigquery/connections.py:570: FutureWarning: job_retry must be explicitly set to None if job_id is set.
BigQuery cannot retry a failed job by using the exact
same ID. Setting job_id without explicitly disabling
job_retry will raise an error in the future. To avoid this
warning, either use job_id_prefix instead (preferred) or
set job_retry=None.
  query_job = client.query(
/opt/anaconda3/envs/dagster_dev/lib/python3.10/site-packages/dbt/adapters/bigquery/connections.py:570: FutureWarning: job_retry must be explicitly set to None if job_id is set.
BigQuery cannot retry a failed job by using the exact
same ID. Setting job_id without explicitly disabling
job_retry will raise an error in the future. To avoid this
warning, either use job_id_prefix instead (preferred) or
set job_retry=None.
  query_job = client.query(
/opt/anaconda3/envs/dagster_dev/lib/python3.10/site-packages/dbt/adapters/bigquery/connections.py:570: FutureWarning: job_retry must be explicitly set to None if job_id is set.
BigQuery cannot retry a failed job by using the exact
same ID. Setting job_id without explicitly disabling
job_retry will raise an error in the future. To avoid this
warning, either use job_id_prefix instead (preferred) or
set job_retry=None.
  query_job = client.query(
/opt/anaconda3/envs/dagster_dev/lib/python3.10/site-packages/dbt/adapters/bigquery/connections.py:570: FutureWarning: job_retry must be explicitly set to None if job_id is set.
BigQuery cannot retry a failed job by using the exact
same ID. Setting job_id without explicitly disabling
job_retry will raise an error in the future. To avoid this
warning, either use job_id_prefix instead (preferred) or
set job_retry=None.
  query_job = client.query(
/opt/anaconda3/envs/dagster_dev/lib/python3.10/site-packages/dbt/adapters/bigquery/connections.py:570: FutureWarning: job_retry must be explicitly set to None if job_id is set.
BigQuery cannot retry a failed job by using the exact
same ID. Setting job_id without explicitly disabling
job_retry will raise an error in the future. To avoid this
warning, either use job_id_prefix instead (preferred) or
set job_retry=None.
  query_job = client.query(
/opt/anaconda3/envs/dagster_dev/lib/python3.10/site-packages/dbt/adapters/bigquery/connections.py:570: FutureWarning: job_retry must be explicitly set to None if job_id is set.
BigQuery cannot retry a failed job by using the exact
same ID. Setting job_id without explicitly disabling
job_retry will raise an error in the future. To avoid this
warning, either use job_id_prefix instead (preferred) or
set job_retry=None.
  query_job = client.query(

[32m2025-06-18 13:01:42 +0800[0m - dagster - [34mINFO[0m - __ASSET_JOB - 0c3f5015-59ee-4dbf-8260-2ed072b6c53c - transform_kaggle_data - dbt transformations completed.
[32m2025-06-18 13:01:42 +0800[0m - dagster - [34mDEBUG[0m - __ASSET_JOB - 0c3f5015-59ee-4dbf-8260-2ed072b6c53c - 76612 - transform_kaggle_data - STEP_OUTPUT - Yielded output "result" of type "Any". (Type check passed).
[32m2025-06-18 13:01:42 +0800[0m - dagster - [34mDEBUG[0m - __ASSET_JOB - 0c3f5015-59ee-4dbf-8260-2ed072b6c53c - transform_kaggle_data - Writing file at: /Users/taysk/sctp/Project/SCTP-DSF1-Team5/03 - Code/pipeline-olist/.tmp_dagster_home_dmmhm59w/storage/transform_kaggle_data using PickledObjectFilesystemIOManager...
[32m2025-06-18 13:01:42 +0800[0m - dagster - [34mDEBUG[0m - __ASSET_JOB - 0c3f5015-59ee-4dbf-8260-2ed072b6c53c - 76612 - transform_kaggle_data - ASSET_MATERIALIZATION - Materialized value transform_kaggle_data.
[32m2025-06-18 13:01:42 +0800[0m - dagster - [34mDEBUG[0m - __ASSET_JOB - 0c3f5015-59ee-4dbf-8260-2ed072b6c53c - 76612 - transform_kaggle_data - HANDLED_OUTPUT - Handled output "result" using IO manager "io_manager"
[32m2025-06-18 13:01:42 +0800[0m - dagster - [34mDEBUG[0m - __ASSET_JOB - 0c3f5015-59ee-4dbf-8260-2ed072b6c53c - 76612 - transform_kaggle_data - STEP_SUCCESS - Finished execution of step "transform_kaggle_data" in 1m57s.
